This file contains any messages produced by compilers while
running configure, to aid debugging if configure makes a mistake.

It was created by configure, which was
generated by GNU Autoconf 2.59.  Invocation command line was

  $ /home/selami/libraries/mpich2-1.0.7/configure -prefix=/usr/local/mpich2 --enable-debuginfo --enable-g=dbg,mem,log --enable-strict --enable-error-checking=all --enable-error-messages=all --enable-mpe --enable-threads=multiple --enable-timer-type=gettimeofday --enable-f90 --enable-sharedlibs=gcc --with-pm=mpd:gforker

## --------- ##
## Platform. ##
## --------- ##

hostname = shabut12
uname -m = x86_64
uname -r = 2.6.22.18-0.2-default
uname -s = Linux
uname -v = #1 SMP 2008-06-09 13:53:20 +0200

/usr/bin/uname -p = unknown
/bin/uname -X     = unknown

/bin/arch              = x86_64
/usr/bin/arch -k       = unknown
/usr/convex/getsysinfo = unknown
hostinfo               = unknown
/bin/machine           = unknown
/usr/bin/oslevel       = unknown
/bin/universe          = unknown

PATH: /opt/intel/fce/9.0/bin
PATH: /opt/intel/fce/9.0/bin
PATH: /opt/kde3/bin
PATH: /opt/intel/fce/9.0/bin
PATH: /home/selami/bin
PATH: /usr/local/bin
PATH: /usr/bin
PATH: /sbin
PATH: /usr/sbin
PATH: /bin
PATH: /usr/bin/X11
PATH: /usr/X11R6/bin
PATH: /usr/games
PATH: /opt/cross/bin
PATH: /usr/lib/mit/bin
PATH: /usr/lib/mit/sbin
PATH: /usr/lib/qt3/bin
PATH: /opt/intel/fce/9.0/bin
PATH: /usr/local/dock6/dms
PATH: /usr/local/dock6/dms
PATH: /usr/local/mpich2/bin
PATH: /usr/local/dock6/bin
PATH: /usr/local/Accelrys/DSVisualizer20/bin
PATH: /usr/local/amber9/exe
PATH: /usr/local/chimera/bin
PATH: /usr/local/delphi
PATH: /usr/local/g03/bsd
PATH: /usr/local/g03/private
PATH: /usr/local/g03
PATH: /opt/intel/fce/9.0/bin
PATH: /usr/local/dock6/dms
PATH: /usr/local/dock6/dms
PATH: /usr/local/mpich2/bin
PATH: /usr/local/dock6/bin
PATH: /usr/local/Accelrys/DSVisualizer20/bin
PATH: /usr/local/amber9/exe
PATH: /usr/local/chimera/bin
PATH: /usr/local/delphi
PATH: /usr/local/g03/bsd
PATH: /usr/local/g03/private
PATH: /usr/local/g03
PATH: /opt/intel/fce/9.0/bin
PATH: /usr/local/dock6/dms
PATH: /usr/local/dock6/dms
PATH: /usr/local/mpich2/bin
PATH: /usr/local/dock6/bin
PATH: /usr/local/Accelrys/DSVisualizer20/bin
PATH: /usr/local/amber9/exe
PATH: /usr/local/chimera/bin
PATH: /usr/local/delphi
PATH: /usr/local/g03/bsd
PATH: /usr/local/g03/private
PATH: /usr/local/g03


## ----------- ##
## Core tests. ##
## ----------- ##

configure:3163: checking for gcc
configure:3179: found /usr/bin/gcc
configure:3189: result: gcc
configure:3433: checking for C compiler version
configure:3436: gcc --version </dev/null >&5
gcc (GCC) 4.2.1 (SUSE Linux)
Copyright (C) 2007 Free Software Foundation, Inc.
This is free software; see the source for copying conditions.  There is NO
warranty; not even for MERCHANTABILITY or FITNESS FOR A PARTICULAR PURPOSE.

configure:3439: $? = 0
configure:3441: gcc -v </dev/null >&5
Using built-in specs.
Target: x86_64-suse-linux
Configured with: ../configure --enable-threads=posix --prefix=/usr --with-local-prefix=/usr/local --infodir=/usr/share/info --mandir=/usr/share/man --libdir=/usr/lib64 --libexecdir=/usr/lib64 --enable-languages=c,c++,objc,fortran,obj-c++,java,ada --enable-checking=release --with-gxx-include-dir=/usr/include/c++/4.2.1 --enable-ssp --disable-libssp --disable-libgcj --with-slibdir=/lib64 --with-system-zlib --enable-shared --enable-__cxa_atexit --enable-libstdcxx-allocator=new --disable-libstdcxx-pch --program-suffix=-4.2 --enable-version-specific-runtime-libs --without-system-libunwind --with-cpu=generic --host=x86_64-suse-linux
Thread model: posix
gcc version 4.2.1 (SUSE Linux)
configure:3444: $? = 0
configure:3446: gcc -V </dev/null >&5
gcc: '-V' option must have argument
configure:3449: $? = 1
configure:3472: checking for C compiler default output file name
configure:3475: gcc  -g   conftest.c  >&5
configure:3478: $? = 0
configure:3524: result: a.out
configure:3529: checking whether the C compiler works
configure:3535: ./a.out
configure:3538: $? = 0
configure:3555: result: yes
configure:3562: checking whether we are cross compiling
configure:3564: result: no
configure:3567: checking for suffix of executables
configure:3569: gcc -o conftest  -g   conftest.c  >&5
configure:3572: $? = 0
configure:3597: result: 
configure:3603: checking for suffix of object files
configure:3624: gcc -c  -g  conftest.c >&5
configure:3627: $? = 0
configure:3649: result: o
configure:3653: checking whether we are using the GNU C compiler
configure:3677: gcc -c  -g  conftest.c >&5
configure:3683: $? = 0
configure:3686: test -z 			 || test ! -s conftest.err
configure:3689: $? = 0
configure:3692: test -s conftest.o
configure:3695: $? = 0
configure:3708: result: yes
configure:3714: checking whether gcc accepts -g
configure:3735: gcc -c -g  conftest.c >&5
configure:3741: $? = 0
configure:3744: test -z 			 || test ! -s conftest.err
configure:3747: $? = 0
configure:3750: test -s conftest.o
configure:3753: $? = 0
configure:3764: result: yes
configure:3781: checking for gcc option to accept ANSI C
configure:3851: gcc  -c  -g  conftest.c >&5
configure:3857: $? = 0
configure:3860: test -z 			 || test ! -s conftest.err
configure:3863: $? = 0
configure:3866: test -s conftest.o
configure:3869: $? = 0
configure:3887: result: none needed
configure:3905: gcc -c  -g  conftest.c >&5
conftest.c:2: error: expected '=', ',', ';', 'asm' or '__attribute__' before 'me'
configure:3911: $? = 1
configure: failed program was:
| #ifndef __cplusplus
|   choke me
| #endif
configure:4141: result: Adding strict check arguments to CFLAGS
configure:4143: checking whether we can add -std=c89
configure:4164: gcc -c  -g -Wall -O2 -Wstrict-prototypes -Wmissing-prototypes -Wundef -Wpointer-arith -Wbad-function-cast -ansi -DGCC_WALL -std=c89  conftest.c >&5
conftest.c:22: warning: function declaration isn't a prototype
conftest.c: In function 'main':
conftest.c:23: warning: unused variable 'a'
configure:4170: $? = 0
configure:4173: test -z 			 || test ! -s conftest.err
configure:4176: $? = 0
configure:4179: test -s conftest.o
configure:4182: $? = 0
configure:4192: result: yes
configure:4429: checking whether C compiler accepts option -O2
configure:4439: result: yes
configure:4441: checking whether routines compiled with -O2 can be linked with ones compiled without -O2
configure:4449: result: yes
configure:4668: checking for type of weak symbol support
configure:4697: gcc -o conftest  -g -Wall -O2 -Wstrict-prototypes -Wmissing-prototypes -Wundef -Wpointer-arith -Wbad-function-cast -ansi -DGCC_WALL -std=c89 -O2   conftest.c  >&5
conftest.c:22: warning: no previous prototype for 'Foo'
conftest.c:26: warning: function declaration isn't a prototype
configure:4703: $? = 0
configure:4706: test -z 			 || test ! -s conftest.err
configure:4709: $? = 0
configure:4712: test -s conftest
configure:4715: $? = 0
configure:4893: result: pragma weak
configure:4920: checking whether __attribute__ ((weak)) allowed
configure:4942: gcc -c  -g -Wall -O2 -Wstrict-prototypes -Wmissing-prototypes -Wundef -Wpointer-arith -Wbad-function-cast -ansi -DGCC_WALL -std=c89 -O2  conftest.c >&5
conftest.c:23: warning: function declaration isn't a prototype
conftest.c: In function 'main':
conftest.c:24: warning: unused variable 'a'
configure:4948: $? = 0
configure:4951: test -z 			 || test ! -s conftest.err
configure:4954: $? = 0
configure:4957: test -s conftest.o
configure:4960: $? = 0
configure:4971: result: yes
configure:4985: checking for multiple weak symbol support
configure:5022: result: yes
configure:5139: checking for g77
configure:5155: found /usr/bin/g77
configure:5165: result: g77
configure:5180: checking for Fortran 77 compiler version
configure:5183: g77 --version </dev/null >&5
GNU Fortran (GCC) 4.2.1 (SUSE Linux)
Copyright (C) 2007 Free Software Foundation, Inc.

GNU Fortran comes with NO WARRANTY, to the extent permitted by law.
You may redistribute copies of GNU Fortran
under the terms of the GNU General Public License.
For more information about these matters, see the file named COPYING

configure:5186: $? = 0
configure:5188: g77 -v </dev/null >&5
Using built-in specs.
Target: x86_64-suse-linux
Configured with: ../configure --enable-threads=posix --prefix=/usr --with-local-prefix=/usr/local --infodir=/usr/share/info --mandir=/usr/share/man --libdir=/usr/lib64 --libexecdir=/usr/lib64 --enable-languages=c,c++,objc,fortran,obj-c++,java,ada --enable-checking=release --with-gxx-include-dir=/usr/include/c++/4.2.1 --enable-ssp --disable-libssp --disable-libgcj --with-slibdir=/lib64 --with-system-zlib --enable-shared --enable-__cxa_atexit --enable-libstdcxx-allocator=new --disable-libstdcxx-pch --program-suffix=-4.2 --enable-version-specific-runtime-libs --without-system-libunwind --with-cpu=generic --host=x86_64-suse-linux
Thread model: posix
gcc version 4.2.1 (SUSE Linux)
configure:5191: $? = 0
configure:5193: g77 -V </dev/null >&5
g77: '-V' option must have argument
configure:5196: $? = 1
configure:5204: checking whether we are using the GNU Fortran 77 compiler
configure:5218: g77 -c  -g conftest.F >&5
configure:5224: $? = 0
configure:5227: test -z 			 || test ! -s conftest.err
configure:5230: $? = 0
configure:5233: test -s conftest.o
configure:5236: $? = 0
configure:5249: result: yes
configure:5255: checking whether g77 accepts -g
configure:5267: g77 -c -g conftest.f >&5
configure:5273: $? = 0
configure:5276: test -z 			 || test ! -s conftest.err
configure:5279: $? = 0
configure:5282: test -s conftest.o
configure:5285: $? = 0
configure:5297: result: yes
configure:5571: checking whether Fortran 77 compiler accepts option -O2
configure:5587: g77  -g -o conftest conftest.f  >conftest.bas 2>&1
configure:5590: $? = 0
configure:5592: g77 -O2  -g -o conftest conftest.f  >conftest.out 2>&1
configure:5595: $? = 0
configure:5598: result: yes
configure:5600: checking whether routines compiled with -O2 can be linked with ones compiled without -O2
configure:5606: g77 -c  -g conftest2.f >conftest2.out 2>&1
configure:5609: $? = 0
configure:5611: g77 -O2  -g -o conftest conftest2.o conftest.f  >conftest.bas 2>&1
configure:5614: $? = 0
configure:5653: result: yes
configure:5837: checking how to get verbose linking output from g77
configure:5848: g77 -c  -g -O2 conftest.f >&5
configure:5854: $? = 0
configure:5857: test -z 			 || test ! -s conftest.err
configure:5860: $? = 0
configure:5863: test -s conftest.o
configure:5866: $? = 0
configure:5883: g77 -o conftest  -g -O2 -v  conftest.f  >&5
Using built-in specs.
Target: x86_64-suse-linux
Configured with: ../configure --enable-threads=posix --prefix=/usr --with-local-prefix=/usr/local --infodir=/usr/share/info --mandir=/usr/share/man --libdir=/usr/lib64 --libexecdir=/usr/lib64 --enable-languages=c,c++,objc,fortran,obj-c++,java,ada --enable-checking=release --with-gxx-include-dir=/usr/include/c++/4.2.1 --enable-ssp --disable-libssp --disable-libgcj --with-slibdir=/lib64 --with-system-zlib --enable-shared --enable-__cxa_atexit --enable-libstdcxx-allocator=new --disable-libstdcxx-pch --program-suffix=-4.2 --enable-version-specific-runtime-libs --without-system-libunwind --with-cpu=generic --host=x86_64-suse-linux
Thread model: posix
gcc version 4.2.1 (SUSE Linux)
 /usr/lib64/gcc/x86_64-suse-linux/4.2.1/f951 conftest.f -ffixed-form -quiet -dumpbase conftest.f -mtune=generic -auxbase conftest -g -O2 -version -I /usr/lib64/gcc/x86_64-suse-linux/4.2.1/finclude -o /tmp/ccDdzkgD.s
GNU F95 version 4.2.1 (SUSE Linux) (x86_64-suse-linux)
	compiled by GNU C version 4.2.1 (SUSE Linux).
GGC heuristics: --param ggc-min-expand=100 --param ggc-min-heapsize=131072
 /usr/lib64/gcc/x86_64-suse-linux/4.2.1/../../../../x86_64-suse-linux/bin/as -V -Qy -o /tmp/ccMcjA87.o /tmp/ccDdzkgD.s
GNU assembler version 2.17.50 (x86_64-suse-linux) using BFD version (GNU Binutils) 2.17.50.20070726-14 (SUSE Linux)
 /usr/lib64/gcc/x86_64-suse-linux/4.2.1/collect2 --eh-frame-hdr -m elf_x86_64 -dynamic-linker /lib64/ld-linux-x86-64.so.2 -o conftest /usr/lib64/gcc/x86_64-suse-linux/4.2.1/../../../../lib64/crt1.o /usr/lib64/gcc/x86_64-suse-linux/4.2.1/../../../../lib64/crti.o /usr/lib64/gcc/x86_64-suse-linux/4.2.1/crtbegin.o -L/usr/lib64/gcc/x86_64-suse-linux/4.2.1 -L/usr/lib64/gcc/x86_64-suse-linux/4.2.1/../../../../lib64 -L/lib/../lib64 -L/usr/lib/../lib64 -L/usr/lib64/gcc/x86_64-suse-linux/4.2.1/../../../../x86_64-suse-linux/lib -L/usr/lib64/gcc/x86_64-suse-linux/4.2.1/../../.. /tmp/ccMcjA87.o -lgfortranbegin -lgfortran -lm -lgcc_s -lgcc -lc -lgcc_s -lgcc /usr/lib64/gcc/x86_64-suse-linux/4.2.1/crtend.o /usr/lib64/gcc/x86_64-suse-linux/4.2.1/../../../../lib64/crtn.o
configure:5938: result: -v
configure:5940: checking for Fortran libraries of g77
configure:5961: g77 -o conftest  -g -O2 -v  conftest.f  >&5
Using built-in specs.
Target: x86_64-suse-linux
Configured with: ../configure --enable-threads=posix --prefix=/usr --with-local-prefix=/usr/local --infodir=/usr/share/info --mandir=/usr/share/man --libdir=/usr/lib64 --libexecdir=/usr/lib64 --enable-languages=c,c++,objc,fortran,obj-c++,java,ada --enable-checking=release --with-gxx-include-dir=/usr/include/c++/4.2.1 --enable-ssp --disable-libssp --disable-libgcj --with-slibdir=/lib64 --with-system-zlib --enable-shared --enable-__cxa_atexit --enable-libstdcxx-allocator=new --disable-libstdcxx-pch --program-suffix=-4.2 --enable-version-specific-runtime-libs --without-system-libunwind --with-cpu=generic --host=x86_64-suse-linux
Thread model: posix
gcc version 4.2.1 (SUSE Linux)
 /usr/lib64/gcc/x86_64-suse-linux/4.2.1/f951 conftest.f -ffixed-form -quiet -dumpbase conftest.f -mtune=generic -auxbase conftest -g -O2 -version -I /usr/lib64/gcc/x86_64-suse-linux/4.2.1/finclude -o /tmp/cctSfBBJ.s
GNU F95 version 4.2.1 (SUSE Linux) (x86_64-suse-linux)
	compiled by GNU C version 4.2.1 (SUSE Linux).
GGC heuristics: --param ggc-min-expand=100 --param ggc-min-heapsize=131072
 /usr/lib64/gcc/x86_64-suse-linux/4.2.1/../../../../x86_64-suse-linux/bin/as -V -Qy -o /tmp/cckwQPHm.o /tmp/cctSfBBJ.s
GNU assembler version 2.17.50 (x86_64-suse-linux) using BFD version (GNU Binutils) 2.17.50.20070726-14 (SUSE Linux)
 /usr/lib64/gcc/x86_64-suse-linux/4.2.1/collect2 --eh-frame-hdr -m elf_x86_64 -dynamic-linker /lib64/ld-linux-x86-64.so.2 -o conftest /usr/lib64/gcc/x86_64-suse-linux/4.2.1/../../../../lib64/crt1.o /usr/lib64/gcc/x86_64-suse-linux/4.2.1/../../../../lib64/crti.o /usr/lib64/gcc/x86_64-suse-linux/4.2.1/crtbegin.o -L/usr/lib64/gcc/x86_64-suse-linux/4.2.1 -L/usr/lib64/gcc/x86_64-suse-linux/4.2.1/../../../../lib64 -L/lib/../lib64 -L/usr/lib/../lib64 -L/usr/lib64/gcc/x86_64-suse-linux/4.2.1/../../../../x86_64-suse-linux/lib -L/usr/lib64/gcc/x86_64-suse-linux/4.2.1/../../.. /tmp/cckwQPHm.o -lgfortranbegin -lgfortran -lm -lgcc_s -lgcc -lc -lgcc_s -lgcc /usr/lib64/gcc/x86_64-suse-linux/4.2.1/crtend.o /usr/lib64/gcc/x86_64-suse-linux/4.2.1/../../../../lib64/crtn.o
configure:6122: result:  -L/usr/lib64/gcc/x86_64-suse-linux/4.2.1 -L/usr/lib64/gcc/x86_64-suse-linux/4.2.1/../../../../lib64 -L/lib/../lib64 -L/usr/lib/../lib64 -L/usr/lib64/gcc/x86_64-suse-linux/4.2.1/../../../../x86_64-suse-linux/lib -L/usr/lib64/gcc/x86_64-suse-linux/4.2.1/../../.. -lgfortranbegin -lgfortran -lm -lgcc_s
configure:6138: checking whether g77 accepts the FLIBS found by autoconf
configure:6151: g77 -o conftest  -g -O2  conftest.f  >&5
configure:6154: $? = 0
configure:6162: result: yes
configure:6198: checking whether C can link with  -L/usr/lib64/gcc/x86_64-suse-linux/4.2.1 -L/usr/lib64/gcc/x86_64-suse-linux/4.2.1/../../../../lib64 -L/lib/../lib64 -L/usr/lib/../lib64 -L/usr/lib64/gcc/x86_64-suse-linux/4.2.1/../../../../x86_64-suse-linux/lib -L/usr/lib64/gcc/x86_64-suse-linux/4.2.1/../../.. -lgfortranbegin -lgfortran -lm -lgcc_s
configure:6219: gcc -o conftest  -g -Wall -O2 -Wstrict-prototypes -Wmissing-prototypes -Wundef -Wpointer-arith -Wbad-function-cast -ansi -DGCC_WALL -std=c89 -O2   conftest.c   -L/usr/lib64/gcc/x86_64-suse-linux/4.2.1 -L/usr/lib64/gcc/x86_64-suse-linux/4.2.1/../../../../lib64 -L/lib/../lib64 -L/usr/lib/../lib64 -L/usr/lib64/gcc/x86_64-suse-linux/4.2.1/../../../../x86_64-suse-linux/lib -L/usr/lib64/gcc/x86_64-suse-linux/4.2.1/../../.. -lgfortranbegin -lgfortran -lm -lgcc_s >&5
conftest.c:25: warning: function declaration isn't a prototype
conftest.c: In function 'main':
conftest.c:26: warning: unused variable 'a'
configure:6225: $? = 0
configure:6228: test -z 			 || test ! -s conftest.err
configure:6231: $? = 0
configure:6234: test -s conftest
configure:6237: $? = 0
configure:6249: result: yes
configure:6347: gcc -c  -g -Wall -O2 -Wstrict-prototypes -Wmissing-prototypes -Wundef -Wpointer-arith -Wbad-function-cast -ansi -DGCC_WALL -std=c89 -O2  conftest.c >&5
conftest.c:25: warning: function declaration isn't a prototype
conftest.c: In function 'main':
conftest.c:26: warning: unused variable 'a'
configure:6353: $? = 0
configure:6356: test -z 			 || test ! -s conftest.err
configure:6359: $? = 0
configure:6362: test -s conftest.o
configure:6365: $? = 0
configure:6378: checking for linker for Fortran main programs
configure:6388: gcc -c  -g -Wall -O2 -Wstrict-prototypes -Wmissing-prototypes -Wundef -Wpointer-arith -Wbad-function-cast -ansi -DGCC_WALL -std=c89 -O2  conftest.c >&5
conftest.c:3: warning: no previous prototype for 'f'
configure:6391: $? = 0
configure:6410: g77 -c  -g -O2 conftest.f >&5
configure:6413: $? = 0
configure:6421: result: Use Fortran to link programs
configure:6446: checking for Fortran 77 name mangling
configure:6471: g77 -c  -g -O2 conftest.f 1>&5
configure:6474: $? = 0
configure:6508: gcc -o conftest  -g -Wall -O2 -Wstrict-prototypes -Wmissing-prototypes -Wundef -Wpointer-arith -Wbad-function-cast -ansi -DGCC_WALL -std=c89 -O2   conftest.c fconftestf.o  -L/usr/lib64/gcc/x86_64-suse-linux/4.2.1 -L/usr/lib64/gcc/x86_64-suse-linux/4.2.1/../../../../lib64 -L/lib/../lib64 -L/usr/lib/../lib64 -L/usr/lib64/gcc/x86_64-suse-linux/4.2.1/../../../../x86_64-suse-linux/lib -L/usr/lib64/gcc/x86_64-suse-linux/4.2.1/../../.. -lgfortranbegin -lgfortran -lm -lgcc_s  >&5
conftest.c:26: warning: function declaration isn't a prototype
conftest.c: In function 'main':
conftest.c:27: warning: implicit declaration of function 'my_name'
/tmp/ccAVr67h.o: In function `main':
/tmp/selami/mpich2/conftest.c:27: undefined reference to `my_name'
collect2: ld returned 1 exit status
configure:6514: $? = 1
configure: failed program was:
| /* confdefs.h.  */
| 
| #define PACKAGE_NAME ""
| #define PACKAGE_TARNAME ""
| #define PACKAGE_VERSION ""
| #define PACKAGE_STRING ""
| #define PACKAGE_BUGREPORT ""
| #define HAVE_ERROR_CHECKING MPID_ERROR_LEVEL_ALL
| #define MPICH_ERROR_MSG_LEVEL MPICH_ERROR_MSG_ALL
| #define USE_LOGGING MPID_LOGGING_NONE
| #define MPICH_THREAD_LEVEL MPI_THREAD_MULTIPLE
| #define USE_THREAD_IMPL MPICH_THREAD_IMPL_GLOBAL_MUTEX
| #define USE_MEMORY_TRACING 1
| #define USE_DBG_LOGGING 1
| #define HAVE_DEBUGGER_SUPPORT 1
| #define MPICH_INFODLL_LOC "/usr/local/mpich2/lib/libtvmpich2.so"
| #define HAVE_ROMIO 1
| #define HAVE_PRAGMA_WEAK 1
| #define USE_WEAK_SYMBOLS 1
| #define HAVE_MULTIPLE_PRAGMA_WEAK 1
| #define HAVE_LONG_LONG 1
| /* end confdefs.h.  */
| 
| int
| main ()
| {
| my_name();
|   ;
|   return 0;
| }
configure:6553: gcc -o conftest  -g -Wall -O2 -Wstrict-prototypes -Wmissing-prototypes -Wundef -Wpointer-arith -Wbad-function-cast -ansi -DGCC_WALL -std=c89 -O2   conftest.c fconftestf.o  -L/usr/lib64/gcc/x86_64-suse-linux/4.2.1 -L/usr/lib64/gcc/x86_64-suse-linux/4.2.1/../../../../lib64 -L/lib/../lib64 -L/usr/lib/../lib64 -L/usr/lib64/gcc/x86_64-suse-linux/4.2.1/../../../../x86_64-suse-linux/lib -L/usr/lib64/gcc/x86_64-suse-linux/4.2.1/../../.. -lgfortranbegin -lgfortran -lm -lgcc_s  >&5
conftest.c:26: warning: function declaration isn't a prototype
conftest.c: In function 'main':
conftest.c:27: warning: implicit declaration of function 'my_name_'
configure:6559: $? = 0
configure:6562
## ---------------- ##
## Cache variables. ##
## ---------------- ##

ac_cv_c_compiler_gnu=yes
ac_cv_env_CC_set=
ac_cv_env_CC_value=
ac_cv_env_CFLAGS_set=
ac_cv_env_CFLAGS_value=
ac_cv_env_CPPFLAGS_set=
ac_cv_env_CPPFLAGS_value=
ac_cv_env_CPP_set=
ac_cv_env_CPP_value=
ac_cv_env_CXXCPP_set=
ac_cv_env_CXXCPP_value=
ac_cv_env_CXXFLAGS_set=
ac_cv_env_CXXFLAGS_value=
ac_cv_env_CXX_set=
ac_cv_env_CXX_value=
ac_cv_env_F77_set=
ac_cv_env_F77_value=
ac_cv_env_F90FLAGS_set=
ac_cv_env_F90FLAGS_value=
ac_cv_env_F90_set=
ac_cv_env_F90_value=
ac_cv_env_FFLAGS_set=
ac_cv_env_FFLAGS_value=
ac_cv_env_LDFLAGS_set=
ac_cv_env_LDFLAGS_value=
ac_cv_env_MPICH2LIB_CFLAGS_set=
ac_cv_env_MPICH2LIB_CFLAGS_value=
ac_cv_env_MPICH2LIB_CXXFLAGS_set=
ac_cv_env_MPICH2LIB_CXXFLAGS_value=
ac_cv_env_MPICH2LIB_F90FLAGS_set=
ac_cv_env_MPICH2LIB_F90FLAGS_value=
ac_cv_env_MPICH2LIB_FFLAGS_set=
ac_cv_env_MPICH2LIB_FFLAGS_value=
ac_cv_env_build_alias_set=
ac_cv_env_build_alias_value=
ac_cv_env_host_alias_set=
ac_cv_env_host_alias_value=
ac_cv_env_target_alias_set=
ac_cv_env_target_alias_value=
ac_cv_exeext=
ac_cv_f77_compiler_gnu=yes
ac_cv_f77_libs=' -L/usr/lib64/gcc/x86_64-suse-linux/4.2.1 -L/usr/lib64/gcc/x86_64-suse-linux/4.2.1/../../../../lib64 -L/lib/../lib64 -L/usr/lib/../lib64 -L/usr/lib64/gcc/x86_64-suse-linux/4.2.1/../../../../x86_64-suse-linux/lib -L/usr/lib64/gcc/x86_64-suse-linux/4.2.1/../../.. -lgfortranbegin -lgfortran -lm -lgcc_s'
ac_cv_f90_compiler_gnu=no
ac_cv_objext=o
ac_cv_prog_ac_ct_CC=gcc
ac_cv_prog_ac_ct_F77=g77
ac_cv_prog_ac_ct_F90=ifort
ac_cv_prog_cc_g=yes
ac_cv_prog_cc_stdc=
ac_cv_prog_f77_g=yes
ac_cv_prog_f77_v=-v
ac_cv_prog_f90_g=yes
pac_cv_attr_weak=yes
pac_cv_f77_flibs_valid=yes
pac_cv_f90_ext=f90
pac_cv_my_conf_dir=/tmp/selami/mpich2
pac_cv_prog_c_multiple_weak_symbols=yes
pac_cv_prog_c_weak_symbols='pragma weak'
pac_cv_prog_f77_and_c_stdio_libs=none
pac_cv_prog_f77_name_mangle='lower underscore'
pac_cv_test_stdcall=

## ----------------- ##
## Output variables. ##
## ----------------- ##

ABIVERSION='1:1'
ADDRESS_KIND=''
ALLOCA=''
AR=''
BASH='/bin/sh'
BSEND_OVERHEAD=''
BUILD_BASH_SCRIPTS=''
BUILD_DLLS=''
BUILD_TVDLL=''
CC='gcc'
CC_SHL=''
CC_SHL_DBG=''
CFLAGS=' -O2'
CONFIGURE_ARGS_CLEAN='-prefix=/usr/local/mpich2 --enable-debuginfo --enable-g=dbg,mem,log --enable-strict --enable-error-checking=all --enable-error-messages=all --enable-mpe --enable-threads=multiple --enable-timer-type=gettimeofday --enable-f90 --enable-sharedlibs=gcc --with-pm=mpd:gforker'
CONFIGURE_ARGUMENTS=''-prefix=/usr/local/mpich2 --enable-debuginfo --enable-g=dbg,mem,log --enable-strict --enable-error-checking=all --enable-error-messages=all --enable-mpe --enable-threads=multiple --enable-timer-type=gettimeofday --enable-f90' '--enable-sharedlibs=gcc' '--with-pm=mpd:gforker''
CPP=''
CPPFLAGS=''
CREATESHLIB='/tmp/selami/mpich2/src/util/createshlib'
CXX=''
CXXCPP=''
CXXFLAGS=''
CXX_DEFS=''
CXX_LINKPATH_SHL=''
CXX_SHL=''
C_LINKPATH_SHL=''
C_LINK_SHL=''
C_LINK_SHL_DBG=''
DEFS=''
DEVICE='ch3'
DEVICE_ARGS=''
DEVICE_NAME='ch3'
DLLIMPORT=''
DOCTEXT=''
DOCTEXTSTYLE=''
ECHO_C=''
ECHO_N='-n'
ECHO_T=''
EGREP=''
ENABLE_SHLIB='gcc'
ETAGS=''
ETAGSADD=''
EXEEXT=''
EXTERNAL_SRC_DIRS=''
EXTRA_STATUS_DECL=''
F77='g77'
F77CPP=''
F77_COMPLEX16=''
F77_COMPLEX32=''
F77_COMPLEX8=''
F77_INCDIR=''
F77_INTEGER16=''
F77_INTEGER1=''
F77_INTEGER2=''
F77_INTEGER4=''
F77_INTEGER8=''
F77_IN_C_LIBS=''
F77_LIBDIR_LEADER=''
F77_NAME_MANGLE='F77_NAME_LOWER_USCORE'
F77_OTHER_LIBS=''
F77_REAL16=''
F77_REAL4=''
F77_REAL8=''
F90='ifort'
F90CPP=''
F90EXT=''
F90FLAGS=''
F90INC=''
F90INCFLAG=''
F90MODEXT=''
F90MODINCFLAG=''
F90MODINCSPEC=''
F90_LINKPATH_SHL=''
F90_OTHER_LIBS=''
F90_SHL=''
F90_WORK_FILES_ARG=''
FC=''
FC_LINKPATH_SHL=''
FC_SHL=''
FFLAGS=' -O2'
FINCLUDES=''
FLIBS=' -L/usr/lib64/gcc/x86_64-suse-linux/4.2.1 -L/usr/lib64/gcc/x86_64-suse-linux/4.2.1/../../../../lib64 -L/lib/../lib64 -L/usr/lib/../lib64 -L/usr/lib64/gcc/x86_64-suse-linux/4.2.1/../../../../x86_64-suse-linux/lib -L/usr/lib64/gcc/x86_64-suse-linux/4.2.1/../../.. -lgfortranbegin -lgfortran -lm -lgcc_s'
FORTRAN_BINDING='0'
FORTRAN_MPI_OFFSET=''
FWRAPNAME='fmpich'
GCC='yes'
GNUC_MINORVERSION=''
GNUC_VERSION=''
HAVE_CXX_EXCEPTIONS=''
HAVE_ROMIO='#include "mpio.h"'
INCLUDE_MPICXX_H=''
INCLUDE_MPIDDEFS_H='/* ... no device specific definitions ... */'
INSTALL_DATA=''
INSTALL_PROGRAM=''
INSTALL_SCRIPT=''
INT16_T=''
INT32_T=''
INT64_T=''
KILLALL=''
LDFLAGS=''
LIBOBJS=''
LIBS=''
LIBTOOL=''
LTLIBOBJS=''
MAKE=''
MAKE_DEPEND_C=''
MANY_PM='no'
MKDIR_P=''
MPE_THREAD_LIB_NAME=''
MPIBASEMODNAME=''
MPICC=''
MPICH2LIB_CFLAGS=''
MPICH2LIB_CXXFLAGS=''
MPICH2LIB_F90FLAGS=''
MPICH2LIB_FFLAGS=''
MPICH_TIMER_KIND=''
MPICONSTMODNAME=''
MPICXX=''
MPICXXLIBNAME='mpichcxx'
MPID_TIMER_TYPE=''
MPIF77=''
MPIF90=''
MPIFLIBNAME=''
MPIFPMPI=''
MPILIBNAME='mpich'
MPIMODNAME=''
MPIR_CXX_BOOL=''
MPIR_CXX_COMPLEX=''
MPIR_CXX_DOUBLE_COMPLEX=''
MPIR_CXX_LONG_DOUBLE_COMPLEX=''
MPISIZEOFMODNAME=''
MPIU_DLL_SPEC_DEF=''
MPI_2COMPLEX=''
MPI_2DOUBLE_COMPLEX=''
MPI_2DOUBLE_PRECISION=''
MPI_2INT=''
MPI_2INTEGER=''
MPI_2REAL=''
MPI_AINT=''
MPI_AINT_FMT_DEC_SPEC=''
MPI_AINT_FMT_HEX_SPEC=''
MPI_BYTE=''
MPI_CHAR=''
MPI_CHARACTER=''
MPI_COMPLEX16=''
MPI_COMPLEX32=''
MPI_COMPLEX8=''
MPI_COMPLEX=''
MPI_DOUBLE=''
MPI_DOUBLE_COMPLEX=''
MPI_DOUBLE_INT=''
MPI_DOUBLE_PRECISION=''
MPI_F77_BYTE=''
MPI_F77_LB=''
MPI_F77_PACKED=''
MPI_F77_UB=''
MPI_FINT=''
MPI_FLOAT=''
MPI_FLOAT_INT=''
MPI_INT=''
MPI_INTEGER16=''
MPI_INTEGER1=''
MPI_INTEGER2=''
MPI_INTEGER4=''
MPI_INTEGER8=''
MPI_INTEGER=''
MPI_LB=''
MPI_LOGICAL=''
MPI_LONG=''
MPI_LONG_DOUBLE=''
MPI_LONG_DOUBLE_INT=''
MPI_LONG_INT=''
MPI_LONG_LONG=''
MPI_MAX_PROCESSOR_NAME=''
MPI_OFFSET=''
MPI_OFFSET_TYPEDEF=''
MPI_PACKED=''
MPI_REAL16=''
MPI_REAL4=''
MPI_REAL8=''
MPI_REAL=''
MPI_SHORT=''
MPI_SHORT_INT=''
MPI_SIGNED_CHAR=''
MPI_STATUS_SIZE=''
MPI_UB=''
MPI_UNSIGNED_CHAR=''
MPI_UNSIGNED_INT=''
MPI_UNSIGNED_LONG=''
MPI_UNSIGNED_LONG_LONG=''
MPI_UNSIGNED_SHORT=''
MPI_WCHAR=''
NEEDSPLIB='no'
NO_WEAK_SYM=''
NO_WEAK_SYM_TARGET='build_proflib'
NUMVERSION='10007300'
OBJEXT='o'
OFFSET_KIND=''
PACKAGE_BUGREPORT=''
PACKAGE_NAME=''
PACKAGE_STRING=''
PACKAGE_TARNAME=''
PACKAGE_VERSION=''
PATH_SEPARATOR=':'
PERL=''
PMPIFLIBNAME=''
PMPILIBNAME='pmpich'
PROFILE_DEF_MPI=''
RANLIB=''
RANLIB_AFTER_INSTALL=''
RELEASE_DATE='Unknown, built on Mon Sep 15 19:26:34 EEST 2008'
REQD=''
SET_CFLAGS=''
SET_MAKE=''
SHELL='/bin/sh'
SHLIB_EXT=''
SHLIB_FROM_LO=''
SHLIB_INSTALL=''
SIZEOF_F90_CHARACTER=''
SIZEOF_F90_DOUBLE_PRECISION=''
SIZEOF_F90_INTEGER=''
SIZEOF_F90_REAL=''
SIZEOF_MPI_STATUS=''
TESTCPP=''
THR_CFLAGS=''
THR_CPPFLAGS=''
THR_DEFS=''
THR_LDFLAGS=''
THR_LIBS=''
VERSION='1.0.7'
VPATH=''
WRAPPER_CFLAGS=''
WRAPPER_CXXFLAGS=''
WRAPPER_F90FLAGS=''
WRAPPER_FFLAGS=''
WRAPPER_LDFLAGS=''
XARGS_NODATA_OPT=''
ac_ct_CC='gcc'
ac_ct_CXX=''
ac_ct_F77='g77'
ac_ct_F90='ifort'
ac_ct_RANLIB=''
bindings=''
bindings_dirs=''
bindir='${exec_prefix}/bin'
build_alias=''
datadir='${prefix}/share'
debugger_dir=''
device_name='ch3'
docdir='${prefix}/doc'
exec_prefix='NONE'
host_alias=''
htmldir='${prefix}/www'
includedir='${prefix}/include'
infodir='${prefix}/info'
libdir='${exec_prefix}/lib'
libexecdir='${exec_prefix}/libexec'
localstatedir='${prefix}/var'
logging_dir=''
logging_name='none'
logging_subdirs=''
mandir='${prefix}/man'
master_top_builddir='/tmp/selami/mpich2'
master_top_srcdir='/home/selami/libraries/mpich2-1.0.7'
modincdir=''
mpe_dir='mpe2'
nameserv_name=''
oldincludedir='/usr/include'
other_install_dirs=' src/pm/mpd src/mpe2'
other_pm_names=' gforker'
pac_prog=''
pm_name='mpd'
pmi_name='simple'
prefix='/usr/local/mpich2 --enable-debuginfo --enable-g=dbg,mem,log --enable-strict --enable-error-checking=all --enable-error-messages=all --enable-mpe --enable-threads=multiple --enable-timer-type=gettimeofday --enable-f90'
program_transform_name='s,x,x,'
romio_dir='romio'
sbindir='${exec_prefix}/sbin'
sharedstatedir='${prefix}/com'
subdirs=''
subsystems=' src/mpi/romio src/pmi/simple src/pm/mpd src/pm/gforker src/mpe2'
sysconfdir='${prefix}/etc'
target_alias=''

## ------------- ##
## Output files. ##
## ------------- ##

MPE_THREAD_FUNCS=''
MPE_THREAD_TYPEDEFS=''

configure: caught signal 15
configure: exit 1
: checking whether we are using the GNU C++ compiler
configure:10199: c++ -c  -g  conftest.cc >&5
configure:10205: $? = 0
configure:10208: test -z 			 || test ! -s conftest.err
configure:10211: $? = 0
configure:10214: test -s conftest.o
configure:10217: $? = 0
configure:10230: result: yes
configure:10236: checking whether c++ accepts -g
configure:10257: c++ -c -g  conftest.cc >&5
configure:10263: $? = 0
configure:10266: test -z 			 || test ! -s conftest.err
configure:10269: $? = 0
configure:10272: test -s conftest.o
configure:10275: $? = 0
configure:10286: result: yes
configure:10328: c++ -c  -g  conftest.cc >&5
configure:10334: $? = 0
configure:10337: test -z 			 || test ! -s conftest.err
configure:10340: $? = 0
configure:10343: test -s conftest.o
configure:10346: $? = 0
configure:10372: c++ -c  -g  conftest.cc >&5
conftest.cc: In function 'int main()':
conftest.cc:30: error: 'exit' was not declared in this scope
configure:10378: $? = 1
configure: failed program was:
| /* confdefs.h.  */
| 
| #define PACKAGE_NAME ""
| #define PACKAGE_TARNAME ""
| #define PACKAGE_VERSION ""
| #define PACKAGE_STRING ""
| #define PACKAGE_BUGREPORT ""
| #define HAVE_ERROR_CHECKING MPID_ERROR_LEVEL_ALL
| #define MPICH_ERROR_MSG_LEVEL MPICH_ERROR_MSG_ALL
| #define USE_LOGGING MPID_LOGGING_NONE
| #define MPICH_THREAD_LEVEL MPI_THREAD_MULTIPLE
| #define USE_THREAD_IMPL MPICH_THREAD_IMPL_GLOBAL_MUTEX
| #define USE_MEMORY_TRACING 1
| #define USE_DBG_LOGGING 1
| #define HAVE_DEBUGGER_SUPPORT 1
| #define MPICH_INFODLL_LOC "/usr/local/mpich2/lib/libtvmpich2.so"
| #define HAVE_ROMIO 1
| #define HAVE_PRAGMA_WEAK 1
| #define USE_WEAK_SYMBOLS 1
| #define HAVE_MULTIPLE_PRAGMA_WEAK 1
| #define HAVE_LONG_LONG 1
| #define F77_NAME_LOWER_USCORE 1
| #define STDCALL 
| #define HAVE_FORTRAN_BINDING 1
| /* end confdefs.h.  */
| 
| int
| main ()
| {
| exit (42);
|   ;
|   return 0;
| }
configure:10328: c++ -c  -g  conftest.cc >&5
conftest.cc:26: error: 'void std::exit(int)' should have been declared inside 'std'
configure:10334: $? = 1
configure: failed program was:
| /* confdefs.h.  */
| 
| #define PACKAGE_NAME ""
| #define PACKAGE_TARNAME ""
| #define PACKAGE_VERSION ""
| #define PACKAGE_STRING ""
| #define PACKAGE_BUGREPORT ""
| #define HAVE_ERROR_CHECKING MPID_ERROR_LEVEL_ALL
| #define MPICH_ERROR_MSG_LEVEL MPICH_ERROR_MSG_ALL
| #define USE_LOGGING MPID_LOGGING_NONE
| #define MPICH_THREAD_LEVEL MPI_THREAD_MULTIPLE
| #define USE_THREAD_IMPL MPICH_THREAD_IMPL_GLOBAL_MUTEX
| #define USE_MEMORY_TRACING 1
| #define USE_DBG_LOGGING 1
| #define HAVE_DEBUGGER_SUPPORT 1
| #define MPICH_INFODLL_LOC "/usr/local/mpich2/lib/libtvmpich2.so"
| #define HAVE_ROMIO 1
| #define HAVE_PRAGMA_WEAK 1
| #define USE_WEAK_SYMBOLS 1
| #define HAVE_MULTIPLE_PRAGMA_WEAK 1
| #define HAVE_LONG_LONG 1
| #define F77_NAME_LOWER_USCORE 1
| #define STDCALL 
| #define HAVE_FORTRAN_BINDING 1
| /* end confdefs.h.  */
| extern "C" void std::exit (int) throw (); using std::exit;
| #include <stdlib.h>
| int
| main ()
| {
| exit (42);
|   ;
|   return 0;
| }
configure:10328: c++ -c  -g  conftest.cc >&5
conftest.cc:26: error: 'void std::exit(int)' should have been declared inside 'std'
In file included from conftest.cc:27:
/usr/include/stdlib.h:646: error: declaration of 'void std::exit(int) throw ()' throws different exceptions
conftest.cc:26: error: from previous declaration 'void std::exit(int)'
configure:10334: $? = 1
configure: failed program was:
| /* confdefs.h.  */
| 
| #define PACKAGE_NAME ""
| #define PACKAGE_TARNAME ""
| #define PACKAGE_VERSION ""
| #define PACKAGE_STRING ""
| #define PACKAGE_BUGREPORT ""
| #define HAVE_ERROR_CHECKING MPID_ERROR_LEVEL_ALL
| #define MPICH_ERROR_MSG_LEVEL MPICH_ERROR_MSG_ALL
| #define USE_LOGGING MPID_LOGGING_NONE
| #define MPICH_THREAD_LEVEL MPI_THREAD_MULTIPLE
| #define USE_THREAD_IMPL MPICH_THREAD_IMPL_GLOBAL_MUTEX
| #define USE_MEMORY_TRACING 1
| #define USE_DBG_LOGGING 1
| #define HAVE_DEBUGGER_SUPPORT 1
| #define MPICH_INFODLL_LOC "/usr/local/mpich2/lib/libtvmpich2.so"
| #define HAVE_ROMIO 1
| #define HAVE_PRAGMA_WEAK 1
| #define USE_WEAK_SYMBOLS 1
| #define HAVE_MULTIPLE_PRAGMA_WEAK 1
| #define HAVE_LONG_LONG 1
| #define F77_NAME_LOWER_USCORE 1
| #define STDCALL 
| #define HAVE_FORTRAN_BINDING 1
| /* end confdefs.h.  */
| extern "C" void std::exit (int); using std::exit;
| #include <stdlib.h>
| int
| main ()
| {
| exit (42);
|   ;
|   return 0;
| }
configure:10328: c++ -c  -g  conftest.cc >&5
configure:10334: $? = 0
configure:10337: test -z 			 || test ! -s conftest.err
configure:10340: $? = 0
configure:10343: test -s conftest.o
configure:10346: $? = 0
configure:10372: c++ -c  -g  conftest.cc >&5
configure:10378: $? = 0
configure:10381: test -z 			 || test ! -s conftest.err
configure:10384: $? = 0
configure:10387: test -s conftest.o
configure:10390: $? = 0
configure:10434: checking whether the C++ compiler c++ can build an executable
configure:10470: c++ -o conftest  -g   conftest.cc  >&5
configure:10476: $? = 0
configure:10479: test -z 			 || test ! -s conftest.err
configure:10482: $? = 0
configure:10485: test -s conftest
configure:10488: $? = 0
configure:10506: result: yes
configure:10520: checking whether the compiler supports exceptions
configure:10549: c++ -c  -g  conftest.cc >&5
configure:10555: $? = 0
configure:10558: test -z 			 || test ! -s conftest.err
configure:10561: $? = 0
configure:10564: test -s conftest.o
configure:10567: $? = 0
configure:10585: result: yes
configure:10595: checking whether the compiler recognizes bool as a built-in type
configure:10628: c++ -c  -g  conftest.cc >&5
configure:10634: $? = 0
configure:10637: test -z 			 || test ! -s conftest.err
configure:10640: $? = 0
configure:10643: test -s conftest.o
configure:10646: $? = 0
configure:10664: result: yes
configure:10674: checking whether the compiler implements namespaces
configure:10703: c++ -c  -g  conftest.cc >&5
configure:10709: $? = 0
configure:10712: test -z 			 || test ! -s conftest.err
configure:10715: $? = 0
configure:10718: test -s conftest.o
configure:10721: $? = 0
configure:10739: result: yes
configure:10760: checking whether <iostream> available
configure:10784: c++ -c  -g  conftest.cc >&5
configure:10790: $? = 0
configure:10793: test -z 			 || test ! -s conftest.err
configure:10796: $? = 0
configure:10799: test -s conftest.o
configure:10802: $? = 0
configure:10813: result: yes
configure:10819: checking whether the compiler implements the namespace std
configure:10852: c++ -c  -g  conftest.cc >&5
configure:10858: $? = 0
configure:10861: test -z 			 || test ! -s conftest.err
configure:10864: $? = 0
configure:10867: test -s conftest.o
configure:10870: $? = 0
configure:10889: result: yes
configure:10903: checking whether <math> available
configure:10927: c++ -c  -g  conftest.cc >&5
conftest.cc:33:16: error: math: No such file or directory
configure:10933: $? = 1
configure: failed program was:
| /* confdefs.h.  */
| 
| #define PACKAGE_NAME ""
| #define PACKAGE_TARNAME ""
| #define PACKAGE_VERSION ""
| #define PACKAGE_STRING ""
| #define PACKAGE_BUGREPORT ""
| #define HAVE_ERROR_CHECKING MPID_ERROR_LEVEL_ALL
| #define MPICH_ERROR_MSG_LEVEL MPICH_ERROR_MSG_ALL
| #define USE_LOGGING MPID_LOGGING_NONE
| #define MPICH_THREAD_LEVEL MPI_THREAD_MULTIPLE
| #define USE_THREAD_IMPL MPICH_THREAD_IMPL_GLOBAL_MUTEX
| #define USE_MEMORY_TRACING 1
| #define USE_DBG_LOGGING 1
| #define HAVE_DEBUGGER_SUPPORT 1
| #define MPICH_INFODLL_LOC "/usr/local/mpich2/lib/libtvmpich2.so"
| #define HAVE_ROMIO 1
| #define HAVE_PRAGMA_WEAK 1
| #define USE_WEAK_SYMBOLS 1
| #define HAVE_MULTIPLE_PRAGMA_WEAK 1
| #define HAVE_LONG_LONG 1
| #define F77_NAME_LOWER_USCORE 1
| #define STDCALL 
| #define HAVE_FORTRAN_BINDING 1
| #ifdef __cplusplus
| extern "C" void exit (int) throw ();
| #endif
| #define HAVE_CXX_EXCEPTIONS
| #define HAVE_NAMESPACES
| #define HAVE_NAMESPACE_STD
| /* end confdefs.h.  */
| 
| #include <math>
| 
| int
| main ()
| {
| using namespace std;
|   ;
|   return 0;
| }
configure:10956: result: no
configure:11000: checking for GNU g++ version
configure:11031: c++ -o conftest  -g   conftest.cc  >&5
configure:11034: $? = 0
configure:11036: ./conftest
configure:11039: $? = 0
configure:11053: result: 4 . 2
configure:11101: checking whether C++ compiler accepts option -O2
configure:11111: result: yes
configure:11113: checking whether routines compiled with -O2 can be linked with ones compiled without -O2
configure:11121: result: yes
configure:11374: checking for perl
configure:11392: found /usr/bin/perl
configure:11404: result: /usr/bin/perl
configure:11416: checking for ar
configure:11432: found /usr/bin/ar
configure:11442: result: ar
configure:11463: checking for ranlib
configure:11479: found /usr/bin/ranlib
configure:11489: result: ranlib
configure:11511: checking for etags
configure:11527: found /usr/bin/etags
configure:11537: result: etags
configure:11550: checking for etags argument to specify language
configure:11571: result: --language=c
configure:11587: checking for killall
configure:11603: found /usr/bin/killall
configure:11613: result: killall
configure:11658: checking for a BSD-compatible install
configure:11713: result: /usr/bin/install -c
configure:11733: checking whether install works
configure:11741: result: yes
configure:11837: checking whether install breaks libraries
configure:11878: result: no
configure:11900: checking whether mkdir -p works
configure:11916: result: yes
configure:11934: checking for make
configure:11950: found /usr/bin/make
configure:11960: result: make
configure:11973: checking whether clock skew breaks make
configure:11994: result: no
configure:12004: checking whether make supports include
configure:12028: result: yes
configure:12037: checking whether make allows comments in actions
configure:12060: result: yes
configure:12074: checking for virtual path format
configure:12113: result: VPATH
configure:12123: checking whether make sets CFLAGS
configure:12145: result: no
configure:12192: checking for bash
configure:12222: result: /bin/sh
configure:12244: checking whether /bin/sh supports arrays
configure:12253: result: yes
configure:12886: result: Creating shared libraries using GNU
configure:13269: WARNING: Some versions of gcc do not include debugging information
within the executable.  Totalview requires this information to detect
an MPICH code.  If you have trouble, try linking with the additional
option
    +noobjdebug
on all link lines (consider adding it to LDFLAGS)
configure:13373: checking for doctext
configure:13404: result: false
configure:13413: checking for location of doctext style files
configure:13430: result: unavailable
configure:13442: checking for an ANSI C-conforming const
configure:13509: gcc -c  -g -Wall -O2 -Wstrict-prototypes -Wmissing-prototypes -Wundef -Wpointer-arith -Wbad-function-cast -ansi -DGCC_WALL -std=c89 -O2  conftest.c >&5
conftest.c:37: warning: function declaration isn't a prototype
conftest.c: In function 'main':
conftest.c:61: warning: unused variable 's'
conftest.c:81: warning: unused variable 'foo'
conftest.c:48: warning: unused variable 'zero'
conftest.c:42: warning: unused variable 'x'
conftest.c:63: warning: 't' is used uninitialized in this function
conftest.c:78: warning: 'b' is used uninitialized in this function
configure:13515: $? = 0
configure:13518: test -z 			 || test ! -s conftest.err
configure:13521: $? = 0
configure:13524: test -s conftest.o
configure:13527: $? = 0
configure:13538: result: yes
configure:13549: checking for volatile
configure:13571: gcc -c  -g -Wall -O2 -Wstrict-prototypes -Wmissing-prototypes -Wundef -Wpointer-arith -Wbad-function-cast -ansi -DGCC_WALL -std=c89 -O2  conftest.c >&5
conftest.c:37: warning: function declaration isn't a prototype
conftest.c: In function 'main':
conftest.c:38: warning: unused variable 'a'
configure:13577: $? = 0
configure:13580: test -z 			 || test ! -s conftest.err
configure:13583: $? = 0
configure:13586: test -s conftest.o
configure:13589: $? = 0
configure:13600: result: yes
configure:13611: checking for restrict
configure:13633: gcc -c  -g -Wall -O2 -Wstrict-prototypes -Wmissing-prototypes -Wundef -Wpointer-arith -Wbad-function-cast -ansi -DGCC_WALL -std=c89 -O2  conftest.c >&5
conftest.c:37: warning: function declaration isn't a prototype
conftest.c: In function 'main':
conftest.c:38: error: expected '=', ',', ';', 'asm' or '__attribute__' before 'a'
conftest.c:38: error: 'a' undeclared (first use in this function)
conftest.c:38: error: (Each undeclared identifier is reported only once
conftest.c:38: error: for each function it appears in.)
configure:13639: $? = 1
configure: failed program was:
| /* confdefs.h.  */
| 
| #define PACKAGE_NAME ""
| #define PACKAGE_TARNAME ""
| #define PACKAGE_VERSION ""
| #define PACKAGE_STRING ""
| #define PACKAGE_BUGREPORT ""
| #define HAVE_ERROR_CHECKING MPID_ERROR_LEVEL_ALL
| #define MPICH_ERROR_MSG_LEVEL MPICH_ERROR_MSG_ALL
| #define USE_LOGGING MPID_LOGGING_NONE
| #define MPICH_THREAD_LEVEL MPI_THREAD_MULTIPLE
| #define USE_THREAD_IMPL MPICH_THREAD_IMPL_GLOBAL_MUTEX
| #define USE_MEMORY_TRACING 1
| #define USE_DBG_LOGGING 1
| #define HAVE_DEBUGGER_SUPPORT 1
| #define MPICH_INFODLL_LOC "/usr/local/mpich2/lib/libtvmpich2.so"
| #define HAVE_ROMIO 1
| #define HAVE_PRAGMA_WEAK 1
| #define USE_WEAK_SYMBOLS 1
| #define HAVE_MULTIPLE_PRAGMA_WEAK 1
| #define HAVE_LONG_LONG 1
| #define F77_NAME_LOWER_USCORE 1
| #define STDCALL 
| #define HAVE_FORTRAN_BINDING 1
| #ifdef __cplusplus
| extern "C" void exit (int) throw ();
| #endif
| #define HAVE_CXX_EXCEPTIONS
| #define HAVE_NAMESPACES
| #define HAVE_NAMESPACE_STD
| #define HAVE_CXX_BINDING 1
| #define HAVE_NAMEPUB_SERVICE 1
| /* end confdefs.h.  */
| 
| int
| main ()
| {
| int * restrict a;
|   ;
|   return 0;
| }
configure:13678: gcc -c  -g -Wall -O2 -Wstrict-prototypes -Wmissing-prototypes -Wundef -Wpointer-arith -Wbad-function-cast -ansi -DGCC_WALL -std=c89 -O2  conftest.c >&5
conftest.c:37: warning: function declaration isn't a prototype
conftest.c: In function 'main':
conftest.c:38: error: expected '=', ',', ';', 'asm' or '__attribute__' before 'a'
conftest.c:38: error: 'a' undeclared (first use in this function)
conftest.c:38: error: (Each undeclared identifier is reported only once
conftest.c:38: error: for each function it appears in.)
configure:13684: $? = 1
configure: failed program was:
| /* confdefs.h.  */
| 
| #define PACKAGE_NAME ""
| #define PACKAGE_TARNAME ""
| #define PACKAGE_VERSION ""
| #define PACKAGE_STRING ""
| #define PACKAGE_BUGREPORT ""
| #define HAVE_ERROR_CHECKING MPID_ERROR_LEVEL_ALL
| #define MPICH_ERROR_MSG_LEVEL MPICH_ERROR_MSG_ALL
| #define USE_LOGGING MPID_LOGGING_NONE
| #define MPICH_THREAD_LEVEL MPI_THREAD_MULTIPLE
| #define USE_THREAD_IMPL MPICH_THREAD_IMPL_GLOBAL_MUTEX
| #define USE_MEMORY_TRACING 1
| #define USE_DBG_LOGGING 1
| #define HAVE_DEBUGGER_SUPPORT 1
| #define MPICH_INFODLL_LOC "/usr/local/mpich2/lib/libtvmpich2.so"
| #define HAVE_ROMIO 1
| #define HAVE_PRAGMA_WEAK 1
| #define USE_WEAK_SYMBOLS 1
| #define HAVE_MULTIPLE_PRAGMA_WEAK 1
| #define HAVE_LONG_LONG 1
| #define F77_NAME_LOWER_USCORE 1
| #define STDCALL 
| #define HAVE_FORTRAN_BINDING 1
| #ifdef __cplusplus
| extern "C" void exit (int) throw ();
| #endif
| #define HAVE_CXX_EXCEPTIONS
| #define HAVE_NAMESPACES
| #define HAVE_NAMESPACE_STD
| #define HAVE_CXX_BINDING 1
| #define HAVE_NAMEPUB_SERVICE 1
| /* end confdefs.h.  */
| 
| int
| main ()
| {
| int * _Restrict a;
|   ;
|   return 0;
| }
configure:13724: gcc -c  -g -Wall -O2 -Wstrict-prototypes -Wmissing-prototypes -Wundef -Wpointer-arith -Wbad-function-cast -ansi -DGCC_WALL -std=c89 -O2  conftest.c >&5
conftest.c:37: warning: function declaration isn't a prototype
conftest.c: In function 'main':
conftest.c:38: warning: unused variable 'a'
configure:13730: $? = 0
configure:13733: test -z 			 || test ! -s conftest.err
configure:13736: $? = 0
configure:13739: test -s conftest.o
configure:13742: $? = 0
configure:13755: result: __restrict
configure:13770: checking for inline
configure:13791: gcc -c  -g -Wall -O2 -Wstrict-prototypes -Wmissing-prototypes -Wundef -Wpointer-arith -Wbad-function-cast -ansi -DGCC_WALL -std=c89 -O2  conftest.c >&5
conftest.c:37: error: expected '=', ',', ';', 'asm' or '__attribute__' before 'foo_t'
conftest.c:38: error: expected '=', ',', ';', 'asm' or '__attribute__' before 'foo_t'
configure:13797: $? = 1
configure: failed program was:
| /* confdefs.h.  */
| 
| #define PACKAGE_NAME ""
| #define PACKAGE_TARNAME ""
| #define PACKAGE_VERSION ""
| #define PACKAGE_STRING ""
| #define PACKAGE_BUGREPORT ""
| #define HAVE_ERROR_CHECKING MPID_ERROR_LEVEL_ALL
| #define MPICH_ERROR_MSG_LEVEL MPICH_ERROR_MSG_ALL
| #define USE_LOGGING MPID_LOGGING_NONE
| #define MPICH_THREAD_LEVEL MPI_THREAD_MULTIPLE
| #define USE_THREAD_IMPL MPICH_THREAD_IMPL_GLOBAL_MUTEX
| #define USE_MEMORY_TRACING 1
| #define USE_DBG_LOGGING 1
| #define HAVE_DEBUGGER_SUPPORT 1
| #define MPICH_INFODLL_LOC "/usr/local/mpich2/lib/libtvmpich2.so"
| #define HAVE_ROMIO 1
| #define HAVE_PRAGMA_WEAK 1
| #define USE_WEAK_SYMBOLS 1
| #define HAVE_MULTIPLE_PRAGMA_WEAK 1
| #define HAVE_LONG_LONG 1
| #define F77_NAME_LOWER_USCORE 1
| #define STDCALL 
| #define HAVE_FORTRAN_BINDING 1
| #ifdef __cplusplus
| extern "C" void exit (int) throw ();
| #endif
| #define HAVE_CXX_EXCEPTIONS
| #define HAVE_NAMESPACES
| #define HAVE_NAMESPACE_STD
| #define HAVE_CXX_BINDING 1
| #define HAVE_NAMEPUB_SERVICE 1
| #define restrict __restrict
| /* end confdefs.h.  */
| #ifndef __cplusplus
| typedef int foo_t;
| static inline foo_t static_foo () {return 0; }
| inline foo_t foo () {return 0; }
| #endif
| 
configure:13791: gcc -c  -g -Wall -O2 -Wstrict-prototypes -Wmissing-prototypes -Wundef -Wpointer-arith -Wbad-function-cast -ansi -DGCC_WALL -std=c89 -O2  conftest.c >&5
conftest.c:37: warning: function declaration isn't a prototype
conftest.c:38: warning: function declaration isn't a prototype
configure:13797: $? = 0
configure:13800: test -z 			 || test ! -s conftest.err
configure:13803: $? = 0
configure:13806: test -s conftest.o
configure:13809: $? = 0
configure:13821: result: __inline__
configure:13844: checking whether __attribute__ allowed
configure:13866: gcc -c  -g -Wall -O2 -Wstrict-prototypes -Wmissing-prototypes -Wundef -Wpointer-arith -Wbad-function-cast -ansi -DGCC_WALL -std=c89 -O2  conftest.c >&5
conftest.c:41: warning: function declaration isn't a prototype
conftest.c: In function 'main':
conftest.c:42: warning: unused variable 'a'
configure:13872: $? = 0
configure:13875: test -z 			 || test ! -s conftest.err
configure:13878: $? = 0
configure:13881: test -s conftest.o
configure:13884: $? = 0
configure:13895: result: yes
configure:13897: checking whether __attribute__((format)) allowed
configure:13919: gcc -c  -g -Wall -O2 -Wstrict-prototypes -Wmissing-prototypes -Wundef -Wpointer-arith -Wbad-function-cast -ansi -DGCC_WALL -std=c89 -O2  conftest.c >&5
conftest.c:41: warning: function declaration isn't a prototype
conftest.c: In function 'main':
conftest.c:42: warning: unused variable 'a'
configure:13925: $? = 0
configure:13928: test -z 			 || test ! -s conftest.err
configure:13931: $? = 0
configure:13934: test -s conftest.o
configure:13937: $? = 0
configure:13948: result: yes
configure:13962: checking whether byte ordering is bigendian
configure:13989: gcc -c  -g -Wall -O2 -Wstrict-prototypes -Wmissing-prototypes -Wundef -Wpointer-arith -Wbad-function-cast -ansi -DGCC_WALL -std=c89 -O2  conftest.c >&5
conftest.c:44: warning: function declaration isn't a prototype
conftest.c:45:6: warning: "BYTE_ORDER" is not defined
conftest.c: In function 'main':
conftest.c:46: error: 'bogus' undeclared (first use in this function)
conftest.c:46: error: (Each undeclared identifier is reported only once
conftest.c:46: error: for each function it appears in.)
conftest.c:46: error: expected ';' before 'endian'
configure:13995: $? = 1
configure: failed program was:
| /* confdefs.h.  */
| 
| #define PACKAGE_NAME ""
| #define PACKAGE_TARNAME ""
| #define PACKAGE_VERSION ""
| #define PACKAGE_STRING ""
| #define PACKAGE_BUGREPORT ""
| #define HAVE_ERROR_CHECKING MPID_ERROR_LEVEL_ALL
| #define MPICH_ERROR_MSG_LEVEL MPICH_ERROR_MSG_ALL
| #define USE_LOGGING MPID_LOGGING_NONE
| #define MPICH_THREAD_LEVEL MPI_THREAD_MULTIPLE
| #define USE_THREAD_IMPL MPICH_THREAD_IMPL_GLOBAL_MUTEX
| #define USE_MEMORY_TRACING 1
| #define USE_DBG_LOGGING 1
| #define HAVE_DEBUGGER_SUPPORT 1
| #define MPICH_INFODLL_LOC "/usr/local/mpich2/lib/libtvmpich2.so"
| #define HAVE_ROMIO 1
| #define HAVE_PRAGMA_WEAK 1
| #define USE_WEAK_SYMBOLS 1
| #define HAVE_MULTIPLE_PRAGMA_WEAK 1
| #define HAVE_LONG_LONG 1
| #define F77_NAME_LOWER_USCORE 1
| #define STDCALL 
| #define HAVE_FORTRAN_BINDING 1
| #ifdef __cplusplus
| extern "C" void exit (int) throw ();
| #endif
| #define HAVE_CXX_EXCEPTIONS
| #define HAVE_NAMESPACES
| #define HAVE_NAMESPACE_STD
| #define HAVE_CXX_BINDING 1
| #define HAVE_NAMEPUB_SERVICE 1
| #define restrict __restrict
| #ifndef __cplusplus
| #define inline __inline__
| #endif
| #define HAVE_GCC_ATTRIBUTE 1
| /* end confdefs.h.  */
| #include <sys/types.h>
| #include <sys/param.h>
| 
| int
| main ()
| {
| #if !BYTE_ORDER || !BIG_ENDIAN || !LITTLE_ENDIAN
|  bogus endian macros
| #endif
| 
|   ;
|   return 0;
| }
configure:14146: gcc -o conftest  -g -Wall -O2 -Wstrict-prototypes -Wmissing-prototypes -Wundef -Wpointer-arith -Wbad-function-cast -ansi -DGCC_WALL -std=c89 -O2   conftest.c  >&5
conftest.c:41: warning: function declaration isn't a prototype
conftest.c: In function 'main':
conftest.c:49: warning: implicit declaration of function 'exit'
conftest.c:49: warning: incompatible implicit declaration of built-in function 'exit'
configure:14149: $? = 0
configure:14151: ./conftest
configure:14154: $? = 0
configure:14170: result: no
configure:14197: checking whether C compiler allows unaligned doubles
configure:14235: gcc -o conftest  -g -Wall -O2 -Wstrict-prototypes -Wmissing-prototypes -Wundef -Wpointer-arith -Wbad-function-cast -ansi -DGCC_WALL -std=c89 -O2   conftest.c  >&5
conftest.c:42: warning: function declaration isn't a prototype
conftest.c:47: warning: function declaration isn't a prototype
conftest.c: In function 'main':
conftest.c:52: warning: dereferencing type-punned pointer will break strict-aliasing rules
conftest.c:53: warning: dereferencing type-punned pointer will break strict-aliasing rules
configure:14238: $? = 0
configure:14240: ./conftest
configure:14243: $? = 0
configure:14257: result: yes
configure:14276: checking whether gcc supports __func__
configure:14297: gcc -c  -g -Wall -O2 -Wstrict-prototypes -Wmissing-prototypes -Wundef -Wpointer-arith -Wbad-function-cast -ansi -DGCC_WALL -std=c89 -O2  conftest.c >&5
conftest.c:43: warning: function declaration isn't a prototype
conftest.c: In function 'main':
conftest.c:44: warning: unused variable 'cp'
configure:14303: $? = 0
configure:14306: test -z 			 || test ! -s conftest.err
configure:14309: $? = 0
configure:14312: test -s conftest.o
configure:14315: $? = 0
configure:14326: result: yes
configure:14470: result: Using gcc to determine dependencies
configure:14502: checking whether long double is supported
configure:14524: gcc -c  -g -Wall -O2 -Wstrict-prototypes -Wmissing-prototypes -Wundef -Wpointer-arith -Wbad-function-cast -ansi -DGCC_WALL -std=c89 -O2  conftest.c >&5
conftest.c:43: warning: function declaration isn't a prototype
conftest.c: In function 'main':
conftest.c:44: warning: unused variable 'a'
configure:14530: $? = 0
configure:14533: test -z 			 || test ! -s conftest.err
configure:14536: $? = 0
configure:14539: test -s conftest.o
configure:14542: $? = 0
configure:14553: result: yes
configure:14564: checking whether long long is supported
configure:14586: gcc -c  -g -Wall -O2 -Wstrict-prototypes -Wmissing-prototypes -Wundef -Wpointer-arith -Wbad-function-cast -ansi -DGCC_WALL -std=c89 -O2  conftest.c >&5
conftest.c:44: warning: function declaration isn't a prototype
conftest.c: In function 'main':
conftest.c:45: warning: unused variable 'a'
configure:14592: $? = 0
configure:14595: test -z 			 || test ! -s conftest.err
configure:14598: $? = 0
configure:14601: test -s conftest.o
configure:14604: $? = 0
configure:14615: result: yes
configure:14628: checking for max C struct integer alignment
configure:14751: gcc -o conftest  -g -Wall -O2 -Wstrict-prototypes -Wmissing-prototypes -Wundef -Wpointer-arith -Wbad-function-cast -ansi -DGCC_WALL -std=c89 -O2   conftest.c  >&5
configure:14754: $? = 0
configure:14756: ./conftest
configure:14759: $? = 0
configure:14775: result: eight
configure:14812: checking for max C struct floating point alignment
configure:14919: gcc -o conftest  -g -Wall -O2 -Wstrict-prototypes -Wmissing-prototypes -Wundef -Wpointer-arith -Wbad-function-cast -ansi -DGCC_WALL -std=c89 -O2   conftest.c  >&5
configure:14922: $? = 0
configure:14924: ./conftest
configure:14927: $? = 0
configure:14943: result: sixteen
configure:14978: checking for max C struct alignment of structs with doubles
configure:15054: gcc -o conftest  -g -Wall -O2 -Wstrict-prototypes -Wmissing-prototypes -Wundef -Wpointer-arith -Wbad-function-cast -ansi -DGCC_WALL -std=c89 -O2   conftest.c  >&5
configure:15057: $? = 0
configure:15059: ./conftest
configure:15062: $? = 0
configure:15078: result: eight
configure:15085: checking for max C struct floating point alignment with long doubles
configure:15162: gcc -o conftest  -g -Wall -O2 -Wstrict-prototypes -Wmissing-prototypes -Wundef -Wpointer-arith -Wbad-function-cast -ansi -DGCC_WALL -std=c89 -O2   conftest.c  >&5
configure:15165: $? = 0
configure:15167: ./conftest
configure:15170: $? = 0
configure:15186: result: sixteen
configure:15196: WARNING: Structures containing long doubles may be aligned differently from structures with floats or longs.  MPICH2 does not handle this case automatically and you should avoid assumed extents for structures containing float types.
configure:15231: checking if alignment of structs with doubles is based on position
configure:15270: gcc -o conftest  -g -Wall -O2 -Wstrict-prototypes -Wmissing-prototypes -Wundef -Wpointer-arith -Wbad-function-cast -ansi -DGCC_WALL -std=c89 -O2   conftest.c  >&5
configure:15273: $? = 0
configure:15275: ./conftest
configure:15278: $? = 0
configure:15294: result: no
configure:15310: checking if alignment of structs with long long ints is based on position
configure:15351: gcc -o conftest  -g -Wall -O2 -Wstrict-prototypes -Wmissing-prototypes -Wundef -Wpointer-arith -Wbad-function-cast -ansi -DGCC_WALL -std=c89 -O2   conftest.c  >&5
configure:15354: $? = 0
configure:15356: ./conftest
configure:15359: $? = 0
configure:15375: result: no
configure:15391: checking if double alignment breaks rules, find actual alignment
configure:15443: gcc -o conftest  -g -Wall -O2 -Wstrict-prototypes -Wmissing-prototypes -Wundef -Wpointer-arith -Wbad-function-cast -ansi -DGCC_WALL -std=c89 -O2   conftest.c  >&5
configure:15446: $? = 0
configure:15448: ./conftest
configure:15451: $? = 0
configure:15467: result: no
configure:15483: checking for alignment restrictions on pointers
configure:15508: gcc -o conftest  -g -Wall -O2 -Wstrict-prototypes -Wmissing-prototypes -Wundef -Wpointer-arith -Wbad-function-cast -ansi -DGCC_WALL -std=c89 -O2   conftest.c  >&5
conftest.c:49: warning: function declaration isn't a prototype
conftest.c: In function 'main':
conftest.c:52: warning: dereferencing type-punned pointer will break strict-aliasing rules
configure:15511: $? = 0
configure:15513: ./conftest
configure:15516: $? = 0
configure:15539: result: int or better
configure:15547: checking for egrep
configure:15557: result: grep -E
configure:15562: checking for ANSI C header files
configure:15587: gcc -c  -g -Wall -O2 -Wstrict-prototypes -Wmissing-prototypes -Wundef -Wpointer-arith -Wbad-function-cast -ansi -DGCC_WALL -std=c89 -O2  conftest.c >&5
conftest.c:54: warning: function declaration isn't a prototype
configure:15593: $? = 0
configure:15596: test -z 			 || test ! -s conftest.err
configure:15599: $? = 0
configure:15602: test -s conftest.o
configure:15605: $? = 0
/home/selami/libraries/mpich2-1.0.7/configure: line 15627: conftest.c: command not found
configure:15717: result: no
configure:15741: checking for sys/types.h
configure:15757:   conftest.c
/home/selami/libraries/mpich2-1.0.7/configure: line 15758: conftest.c: command not found
configure:15763: $? = 127
configure: failed program was:
| /* confdefs.h.  */
| 
| #define PACKAGE_NAME ""
| #define PACKAGE_TARNAME ""
| #define PACKAGE_VERSION ""
| #define PACKAGE_STRING ""
| #define PACKAGE_BUGREPORT ""
| #define HAVE_ERROR_CHECKING MPID_ERROR_LEVEL_ALL
| #define MPICH_ERROR_MSG_LEVEL MPICH_ERROR_MSG_ALL
| #define USE_LOGGING MPID_LOGGING_NONE
| #define MPICH_THREAD_LEVEL MPI_THREAD_MULTIPLE
| #define USE_THREAD_IMPL MPICH_THREAD_IMPL_GLOBAL_MUTEX
| #define USE_MEMORY_TRACING 1
| #define USE_DBG_LOGGING 1
| #define HAVE_DEBUGGER_SUPPORT 1
| #define MPICH_INFODLL_LOC "/usr/local/mpich2/lib/libtvmpich2.so"
| #define HAVE_ROMIO 1
| #define HAVE_PRAGMA_WEAK 1
| #define USE_WEAK_SYMBOLS 1
| #define HAVE_MULTIPLE_PRAGMA_WEAK 1
| #define HAVE_LONG_LONG 1
| #define F77_NAME_LOWER_USCORE 1
| #define STDCALL 
| #define HAVE_FORTRAN_BINDING 1
| #ifdef __cplusplus
| extern "C" void exit (int) throw ();
| #endif
| #define HAVE_CXX_EXCEPTIONS
| #define HAVE_NAMESPACES
| #define HAVE_NAMESPACE_STD
| #define HAVE_CXX_BINDING 1
| #define HAVE_NAMEPUB_SERVICE 1
| #define restrict __restrict
| #ifndef __cplusplus
| #define inline __inline__
| #endif
| #define HAVE_GCC_ATTRIBUTE 1
| #define WORDS_LITTLEENDIAN 1
| #define HAVE_LONG_DOUBLE 1
| #define HAVE_LONG_LONG_INT 1
| #define HAVE_MAX_INTEGER_ALIGNMENT 8
| #define HAVE_MAX_STRUCT_ALIGNMENT 8
| #define HAVE_MAX_FP_ALIGNMENT 16
| #define HAVE_MAX_DOUBLE_FP_ALIGNMENT 8
| #define HAVE_MAX_LONG_DOUBLE_FP_ALIGNMENT 16
| /* end confdefs.h.  */
| #include <sys/types.h>
configure:15793: gcc -c  -g -Wall -O2 -Wstrict-prototypes -Wmissing-prototypes -Wundef -Wpointer-arith -Wbad-function-cast -ansi -DGCC_WALL -std=c89 -O2  conftest.c 1>&5
configure:15789: warning: function declaration isn't a prototype
configure:15796: $? = 0
configure:15814: result: yes
configure:15741: checking for sys/stat.h
configure:15757:   conftest.c
/home/selami/libraries/mpich2-1.0.7/configure: line 15758: conftest.c: command not found
configure:15763: $? = 127
configure: failed program was:
| /* confdefs.h.  */
| 
| #define PACKAGE_NAME ""
| #define PACKAGE_TARNAME ""
| #define PACKAGE_VERSION ""
| #define PACKAGE_STRING ""
| #define PACKAGE_BUGREPORT ""
| #define HAVE_ERROR_CHECKING MPID_ERROR_LEVEL_ALL
| #define MPICH_ERROR_MSG_LEVEL MPICH_ERROR_MSG_ALL
| #define USE_LOGGING MPID_LOGGING_NONE
| #define MPICH_THREAD_LEVEL MPI_THREAD_MULTIPLE
| #define USE_THREAD_IMPL MPICH_THREAD_IMPL_GLOBAL_MUTEX
| #define USE_MEMORY_TRACING 1
| #define USE_DBG_LOGGING 1
| #define HAVE_DEBUGGER_SUPPORT 1
| #define MPICH_INFODLL_LOC "/usr/local/mpich2/lib/libtvmpich2.so"
| #define HAVE_ROMIO 1
| #define HAVE_PRAGMA_WEAK 1
| #define USE_WEAK_SYMBOLS 1
| #define HAVE_MULTIPLE_PRAGMA_WEAK 1
| #define HAVE_LONG_LONG 1
| #define F77_NAME_LOWER_USCORE 1
| #define STDCALL 
| #define HAVE_FORTRAN_BINDING 1
| #ifdef __cplusplus
| extern "C" void exit (int) throw ();
| #endif
| #define HAVE_CXX_EXCEPTIONS
| #define HAVE_NAMESPACES
| #define HAVE_NAMESPACE_STD
| #define HAVE_CXX_BINDING 1
| #define HAVE_NAMEPUB_SERVICE 1
| #define restrict __restrict
| #ifndef __cplusplus
| #define inline __inline__
| #endif
| #define HAVE_GCC_ATTRIBUTE 1
| #define WORDS_LITTLEENDIAN 1
| #define HAVE_LONG_DOUBLE 1
| #define HAVE_LONG_LONG_INT 1
| #define HAVE_MAX_INTEGER_ALIGNMENT 8
| #define HAVE_MAX_STRUCT_ALIGNMENT 8
| #define HAVE_MAX_FP_ALIGNMENT 16
| #define HAVE_MAX_DOUBLE_FP_ALIGNMENT 8
| #define HAVE_MAX_LONG_DOUBLE_FP_ALIGNMENT 16
| #define HAVE_SYS_TYPES_H 1
| /* end confdefs.h.  */
| #include <sys/stat.h>
configure:15793: gcc -c  -g -Wall -O2 -Wstrict-prototypes -Wmissing-prototypes -Wundef -Wpointer-arith -Wbad-function-cast -ansi -DGCC_WALL -std=c89 -O2  conftest.c 1>&5
configure:15789: warning: function declaration isn't a prototype
configure:15796: $? = 0
configure:15814: result: yes
configure:15741: checking for stdlib.h
configure:15757:   conftest.c
/home/selami/libraries/mpich2-1.0.7/configure: line 15758: conftest.c: command not found
configure:15763: $? = 127
configure: failed program was:
| /* confdefs.h.  */
| 
| #define PACKAGE_NAME ""
| #define PACKAGE_TARNAME ""
| #define PACKAGE_VERSION ""
| #define PACKAGE_STRING ""
| #define PACKAGE_BUGREPORT ""
| #define HAVE_ERROR_CHECKING MPID_ERROR_LEVEL_ALL
| #define MPICH_ERROR_MSG_LEVEL MPICH_ERROR_MSG_ALL
| #define USE_LOGGING MPID_LOGGING_NONE
| #define MPICH_THREAD_LEVEL MPI_THREAD_MULTIPLE
| #define USE_THREAD_IMPL MPICH_THREAD_IMPL_GLOBAL_MUTEX
| #define USE_MEMORY_TRACING 1
| #define USE_DBG_LOGGING 1
| #define HAVE_DEBUGGER_SUPPORT 1
| #define MPICH_INFODLL_LOC "/usr/local/mpich2/lib/libtvmpich2.so"
| #define HAVE_ROMIO 1
| #define HAVE_PRAGMA_WEAK 1
| #define USE_WEAK_SYMBOLS 1
| #define HAVE_MULTIPLE_PRAGMA_WEAK 1
| #define HAVE_LONG_LONG 1
| #define F77_NAME_LOWER_USCORE 1
| #define STDCALL 
| #define HAVE_FORTRAN_BINDING 1
| #ifdef __cplusplus
| extern "C" void exit (int) throw ();
| #endif
| #define HAVE_CXX_EXCEPTIONS
| #define HAVE_NAMESPACES
| #define HAVE_NAMESPACE_STD
| #define HAVE_CXX_BINDING 1
| #define HAVE_NAMEPUB_SERVICE 1
| #define restrict __restrict
| #ifndef __cplusplus
| #define inline __inline__
| #endif
| #define HAVE_GCC_ATTRIBUTE 1
| #define WORDS_LITTLEENDIAN 1
| #define HAVE_LONG_DOUBLE 1
| #define HAVE_LONG_LONG_INT 1
| #define HAVE_MAX_INTEGER_ALIGNMENT 8
| #define HAVE_MAX_STRUCT_ALIGNMENT 8
| #define HAVE_MAX_FP_ALIGNMENT 16
| #define HAVE_MAX_DOUBLE_FP_ALIGNMENT 8
| #define HAVE_MAX_LONG_DOUBLE_FP_ALIGNMENT 16
| #define HAVE_SYS_TYPES_H 1
| #define HAVE_SYS_STAT_H 1
| /* end confdefs.h.  */
| #include <stdlib.h>
configure:15793: gcc -c  -g -Wall -O2 -Wstrict-prototypes -Wmissing-prototypes -Wundef -Wpointer-arith -Wbad-function-cast -ansi -DGCC_WALL -std=c89 -O2  conftest.c 1>&5
configure:15789: warning: function declaration isn't a prototype
configure:15796: $? = 0
configure:15814: result: yes
configure:15741: checking for string.h
configure:15757:   conftest.c
/home/selami/libraries/mpich2-1.0.7/configure: line 15758: conftest.c: command not found
configure:15763: $? = 127
configure: failed program was:
| /* confdefs.h.  */
| 
| #define PACKAGE_NAME ""
| #define PACKAGE_TARNAME ""
| #define PACKAGE_VERSION ""
| #define PACKAGE_STRING ""
| #define PACKAGE_BUGREPORT ""
| #define HAVE_ERROR_CHECKING MPID_ERROR_LEVEL_ALL
| #define MPICH_ERROR_MSG_LEVEL MPICH_ERROR_MSG_ALL
| #define USE_LOGGING MPID_LOGGING_NONE
| #define MPICH_THREAD_LEVEL MPI_THREAD_MULTIPLE
| #define USE_THREAD_IMPL MPICH_THREAD_IMPL_GLOBAL_MUTEX
| #define USE_MEMORY_TRACING 1
| #define USE_DBG_LOGGING 1
| #define HAVE_DEBUGGER_SUPPORT 1
| #define MPICH_INFODLL_LOC "/usr/local/mpich2/lib/libtvmpich2.so"
| #define HAVE_ROMIO 1
| #define HAVE_PRAGMA_WEAK 1
| #define USE_WEAK_SYMBOLS 1
| #define HAVE_MULTIPLE_PRAGMA_WEAK 1
| #define HAVE_LONG_LONG 1
| #define F77_NAME_LOWER_USCORE 1
| #define STDCALL 
| #define HAVE_FORTRAN_BINDING 1
| #ifdef __cplusplus
| extern "C" void exit (int) throw ();
| #endif
| #define HAVE_CXX_EXCEPTIONS
| #define HAVE_NAMESPACES
| #define HAVE_NAMESPACE_STD
| #define HAVE_CXX_BINDING 1
| #define HAVE_NAMEPUB_SERVICE 1
| #define restrict __restrict
| #ifndef __cplusplus
| #define inline __inline__
| #endif
| #define HAVE_GCC_ATTRIBUTE 1
| #define WORDS_LITTLEENDIAN 1
| #define HAVE_LONG_DOUBLE 1
| #define HAVE_LONG_LONG_INT 1
| #define HAVE_MAX_INTEGER_ALIGNMENT 8
| #define HAVE_MAX_STRUCT_ALIGNMENT 8
| #define HAVE_MAX_FP_ALIGNMENT 16
| #define HAVE_MAX_DOUBLE_FP_ALIGNMENT 8
| #define HAVE_MAX_LONG_DOUBLE_FP_ALIGNMENT 16
| #define HAVE_SYS_TYPES_H 1
| #define HAVE_SYS_STAT_H 1
| #define HAVE_STDLIB_H 1
| /* end confdefs.h.  */
| #include <string.h>
configure:15793: gcc -c  -g -Wall -O2 -Wstrict-prototypes -Wmissing-prototypes -Wundef -Wpointer-arith -Wbad-function-cast -ansi -DGCC_WALL -std=c89 -O2  conftest.c 1>&5
configure:15789: warning: function declaration isn't a prototype
configure:15796: $? = 0
configure:15814: result: yes
configure:15741: checking for memory.h
configure:15757:   conftest.c
/home/selami/libraries/mpich2-1.0.7/configure: line 15758: conftest.c: command not found
configure:15763: $? = 127
configure: failed program was:
| /* confdefs.h.  */
| 
| #define PACKAGE_NAME ""
| #define PACKAGE_TARNAME ""
| #define PACKAGE_VERSION ""
| #define PACKAGE_STRING ""
| #define PACKAGE_BUGREPORT ""
| #define HAVE_ERROR_CHECKING MPID_ERROR_LEVEL_ALL
| #define MPICH_ERROR_MSG_LEVEL MPICH_ERROR_MSG_ALL
| #define USE_LOGGING MPID_LOGGING_NONE
| #define MPICH_THREAD_LEVEL MPI_THREAD_MULTIPLE
| #define USE_THREAD_IMPL MPICH_THREAD_IMPL_GLOBAL_MUTEX
| #define USE_MEMORY_TRACING 1
| #define USE_DBG_LOGGING 1
| #define HAVE_DEBUGGER_SUPPORT 1
| #define MPICH_INFODLL_LOC "/usr/local/mpich2/lib/libtvmpich2.so"
| #define HAVE_ROMIO 1
| #define HAVE_PRAGMA_WEAK 1
| #define USE_WEAK_SYMBOLS 1
| #define HAVE_MULTIPLE_PRAGMA_WEAK 1
| #define HAVE_LONG_LONG 1
| #define F77_NAME_LOWER_USCORE 1
| #define STDCALL 
| #define HAVE_FORTRAN_BINDING 1
| #ifdef __cplusplus
| extern "C" void exit (int) throw ();
| #endif
| #define HAVE_CXX_EXCEPTIONS
| #define HAVE_NAMESPACES
| #define HAVE_NAMESPACE_STD
| #define HAVE_CXX_BINDING 1
| #define HAVE_NAMEPUB_SERVICE 1
| #define restrict __restrict
| #ifndef __cplusplus
| #define inline __inline__
| #endif
| #define HAVE_GCC_ATTRIBUTE 1
| #define WORDS_LITTLEENDIAN 1
| #define HAVE_LONG_DOUBLE 1
| #define HAVE_LONG_LONG_INT 1
| #define HAVE_MAX_INTEGER_ALIGNMENT 8
| #define HAVE_MAX_STRUCT_ALIGNMENT 8
| #define HAVE_MAX_FP_ALIGNMENT 16
| #define HAVE_MAX_DOUBLE_FP_ALIGNMENT 8
| #define HAVE_MAX_LONG_DOUBLE_FP_ALIGNMENT 16
| #define HAVE_SYS_TYPES_H 1
| #define HAVE_SYS_STAT_H 1
| #define HAVE_STDLIB_H 1
| #define HAVE_STRING_H 1
| /* end confdefs.h.  */
| #include <memory.h>
configure:15793: gcc -c  -g -Wall -O2 -Wstrict-prototypes -Wmissing-prototypes -Wundef -Wpointer-arith -Wbad-function-cast -ansi -DGCC_WALL -std=c89 -O2  conftest.c 1>&5
configure:15789: warning: function declaration isn't a prototype
configure:15796: $? = 0
configure:15814: result: yes
configure:15741: checking for strings.h
configure:15757:   conftest.c
/home/selami/libraries/mpich2-1.0.7/configure: line 15758: conftest.c: command not found
configure:15763: $? = 127
configure: failed program was:
| /* confdefs.h.  */
| 
| #define PACKAGE_NAME ""
| #define PACKAGE_TARNAME ""
| #define PACKAGE_VERSION ""
| #define PACKAGE_STRING ""
| #define PACKAGE_BUGREPORT ""
| #define HAVE_ERROR_CHECKING MPID_ERROR_LEVEL_ALL
| #define MPICH_ERROR_MSG_LEVEL MPICH_ERROR_MSG_ALL
| #define USE_LOGGING MPID_LOGGING_NONE
| #define MPICH_THREAD_LEVEL MPI_THREAD_MULTIPLE
| #define USE_THREAD_IMPL MPICH_THREAD_IMPL_GLOBAL_MUTEX
| #define USE_MEMORY_TRACING 1
| #define USE_DBG_LOGGING 1
| #define HAVE_DEBUGGER_SUPPORT 1
| #define MPICH_INFODLL_LOC "/usr/local/mpich2/lib/libtvmpich2.so"
| #define HAVE_ROMIO 1
| #define HAVE_PRAGMA_WEAK 1
| #define USE_WEAK_SYMBOLS 1
| #define HAVE_MULTIPLE_PRAGMA_WEAK 1
| #define HAVE_LONG_LONG 1
| #define F77_NAME_LOWER_USCORE 1
| #define STDCALL 
| #define HAVE_FORTRAN_BINDING 1
| #ifdef __cplusplus
| extern "C" void exit (int) throw ();
| #endif
| #define HAVE_CXX_EXCEPTIONS
| #define HAVE_NAMESPACES
| #define HAVE_NAMESPACE_STD
| #define HAVE_CXX_BINDING 1
| #define HAVE_NAMEPUB_SERVICE 1
| #define restrict __restrict
| #ifndef __cplusplus
| #define inline __inline__
| #endif
| #define HAVE_GCC_ATTRIBUTE 1
| #define WORDS_LITTLEENDIAN 1
| #define HAVE_LONG_DOUBLE 1
| #define HAVE_LONG_LONG_INT 1
| #define HAVE_MAX_INTEGER_ALIGNMENT 8
| #define HAVE_MAX_STRUCT_ALIGNMENT 8
| #define HAVE_MAX_FP_ALIGNMENT 16
| #define HAVE_MAX_DOUBLE_FP_ALIGNMENT 8
| #define HAVE_MAX_LONG_DOUBLE_FP_ALIGNMENT 16
| #define HAVE_SYS_TYPES_H 1
| #define HAVE_SYS_STAT_H 1
| #define HAVE_STDLIB_H 1
| #define HAVE_STRING_H 1
| #define HAVE_MEMORY_H 1
| /* end confdefs.h.  */
| #include <strings.h>
configure:15793: gcc -c  -g -Wall -O2 -Wstrict-prototypes -Wmissing-prototypes -Wundef -Wpointer-arith -Wbad-function-cast -ansi -DGCC_WALL -std=c89 -O2  conftest.c 1>&5
configure:15789: warning: function declaration isn't a prototype
configure:15796: $? = 0
configure:15814: result: yes
configure:15741: checking for inttypes.h
configure:15757:   conftest.c
/home/selami/libraries/mpich2-1.0.7/configure: line 15758: conftest.c: command not found
configure:15763: $? = 127
configure: failed program was:
| /* confdefs.h.  */
| 
| #define PACKAGE_NAME ""
| #define PACKAGE_TARNAME ""
| #define PACKAGE_VERSION ""
| #define PACKAGE_STRING ""
| #define PACKAGE_BUGREPORT ""
| #define HAVE_ERROR_CHECKING MPID_ERROR_LEVEL_ALL
| #define MPICH_ERROR_MSG_LEVEL MPICH_ERROR_MSG_ALL
| #define USE_LOGGING MPID_LOGGING_NONE
| #define MPICH_THREAD_LEVEL MPI_THREAD_MULTIPLE
| #define USE_THREAD_IMPL MPICH_THREAD_IMPL_GLOBAL_MUTEX
| #define USE_MEMORY_TRACING 1
| #define USE_DBG_LOGGING 1
| #define HAVE_DEBUGGER_SUPPORT 1
| #define MPICH_INFODLL_LOC "/usr/local/mpich2/lib/libtvmpich2.so"
| #define HAVE_ROMIO 1
| #define HAVE_PRAGMA_WEAK 1
| #define USE_WEAK_SYMBOLS 1
| #define HAVE_MULTIPLE_PRAGMA_WEAK 1
| #define HAVE_LONG_LONG 1
| #define F77_NAME_LOWER_USCORE 1
| #define STDCALL 
| #define HAVE_FORTRAN_BINDING 1
| #ifdef __cplusplus
| extern "C" void exit (int) throw ();
| #endif
| #define HAVE_CXX_EXCEPTIONS
| #define HAVE_NAMESPACES
| #define HAVE_NAMESPACE_STD
| #define HAVE_CXX_BINDING 1
| #define HAVE_NAMEPUB_SERVICE 1
| #define restrict __restrict
| #ifndef __cplusplus
| #define inline __inline__
| #endif
| #define HAVE_GCC_ATTRIBUTE 1
| #define WORDS_LITTLEENDIAN 1
| #define HAVE_LONG_DOUBLE 1
| #define HAVE_LONG_LONG_INT 1
| #define HAVE_MAX_INTEGER_ALIGNMENT 8
| #define HAVE_MAX_STRUCT_ALIGNMENT 8
| #define HAVE_MAX_FP_ALIGNMENT 16
| #define HAVE_MAX_DOUBLE_FP_ALIGNMENT 8
| #define HAVE_MAX_LONG_DOUBLE_FP_ALIGNMENT 16
| #define HAVE_SYS_TYPES_H 1
| #define HAVE_SYS_STAT_H 1
| #define HAVE_STDLIB_H 1
| #define HAVE_STRING_H 1
| #define HAVE_MEMORY_H 1
| #define HAVE_STRINGS_H 1
| /* end confdefs.h.  */
| #include <inttypes.h>
configure:15793: gcc -c  -g -Wall -O2 -Wstrict-prototypes -Wmissing-prototypes -Wundef -Wpointer-arith -Wbad-function-cast -ansi -DGCC_WALL -std=c89 -O2  conftest.c 1>&5
configure:15789: warning: function declaration isn't a prototype
configure:15796: $? = 0
configure:15814: result: yes
configure:15741: checking for stdint.h
configure:15757:   conftest.c
/home/selami/libraries/mpich2-1.0.7/configure: line 15758: conftest.c: command not found
configure:15763: $? = 127
configure: failed program was:
| /* confdefs.h.  */
| 
| #define PACKAGE_NAME ""
| #define PACKAGE_TARNAME ""
| #define PACKAGE_VERSION ""
| #define PACKAGE_STRING ""
| #define PACKAGE_BUGREPORT ""
| #define HAVE_ERROR_CHECKING MPID_ERROR_LEVEL_ALL
| #define MPICH_ERROR_MSG_LEVEL MPICH_ERROR_MSG_ALL
| #define USE_LOGGING MPID_LOGGING_NONE
| #define MPICH_THREAD_LEVEL MPI_THREAD_MULTIPLE
| #define USE_THREAD_IMPL MPICH_THREAD_IMPL_GLOBAL_MUTEX
| #define USE_MEMORY_TRACING 1
| #define USE_DBG_LOGGING 1
| #define HAVE_DEBUGGER_SUPPORT 1
| #define MPICH_INFODLL_LOC "/usr/local/mpich2/lib/libtvmpich2.so"
| #define HAVE_ROMIO 1
| #define HAVE_PRAGMA_WEAK 1
| #define USE_WEAK_SYMBOLS 1
| #define HAVE_MULTIPLE_PRAGMA_WEAK 1
| #define HAVE_LONG_LONG 1
| #define F77_NAME_LOWER_USCORE 1
| #define STDCALL 
| #define HAVE_FORTRAN_BINDING 1
| #ifdef __cplusplus
| extern "C" void exit (int) throw ();
| #endif
| #define HAVE_CXX_EXCEPTIONS
| #define HAVE_NAMESPACES
| #define HAVE_NAMESPACE_STD
| #define HAVE_CXX_BINDING 1
| #define HAVE_NAMEPUB_SERVICE 1
| #define restrict __restrict
| #ifndef __cplusplus
| #define inline __inline__
| #endif
| #define HAVE_GCC_ATTRIBUTE 1
| #define WORDS_LITTLEENDIAN 1
| #define HAVE_LONG_DOUBLE 1
| #define HAVE_LONG_LONG_INT 1
| #define HAVE_MAX_INTEGER_ALIGNMENT 8
| #define HAVE_MAX_STRUCT_ALIGNMENT 8
| #define HAVE_MAX_FP_ALIGNMENT 16
| #define HAVE_MAX_DOUBLE_FP_ALIGNMENT 8
| #define HAVE_MAX_LONG_DOUBLE_FP_ALIGNMENT 16
| #define HAVE_SYS_TYPES_H 1
| #define HAVE_SYS_STAT_H 1
| #define HAVE_STDLIB_H 1
| #define HAVE_STRING_H 1
| #define HAVE_MEMORY_H 1
| #define HAVE_STRINGS_H 1
| #define HAVE_INTTYPES_H 1
| /* end confdefs.h.  */
| #include <stdint.h>
configure:15793: gcc -c  -g -Wall -O2 -Wstrict-prototypes -Wmissing-prototypes -Wundef -Wpointer-arith -Wbad-function-cast -ansi -DGCC_WALL -std=c89 -O2  conftest.c 1>&5
configure:15789: warning: function declaration isn't a prototype
configure:15796: $? = 0
configure:15814: result: yes
configure:15741: checking for unistd.h
configure:15757:   conftest.c
/home/selami/libraries/mpich2-1.0.7/configure: line 15758: conftest.c: command not found
configure:15763: $? = 127
configure: failed program was:
| /* confdefs.h.  */
| 
| #define PACKAGE_NAME ""
| #define PACKAGE_TARNAME ""
| #define PACKAGE_VERSION ""
| #define PACKAGE_STRING ""
| #define PACKAGE_BUGREPORT ""
| #define HAVE_ERROR_CHECKING MPID_ERROR_LEVEL_ALL
| #define MPICH_ERROR_MSG_LEVEL MPICH_ERROR_MSG_ALL
| #define USE_LOGGING MPID_LOGGING_NONE
| #define MPICH_THREAD_LEVEL MPI_THREAD_MULTIPLE
| #define USE_THREAD_IMPL MPICH_THREAD_IMPL_GLOBAL_MUTEX
| #define USE_MEMORY_TRACING 1
| #define USE_DBG_LOGGING 1
| #define HAVE_DEBUGGER_SUPPORT 1
| #define MPICH_INFODLL_LOC "/usr/local/mpich2/lib/libtvmpich2.so"
| #define HAVE_ROMIO 1
| #define HAVE_PRAGMA_WEAK 1
| #define USE_WEAK_SYMBOLS 1
| #define HAVE_MULTIPLE_PRAGMA_WEAK 1
| #define HAVE_LONG_LONG 1
| #define F77_NAME_LOWER_USCORE 1
| #define STDCALL 
| #define HAVE_FORTRAN_BINDING 1
| #ifdef __cplusplus
| extern "C" void exit (int) throw ();
| #endif
| #define HAVE_CXX_EXCEPTIONS
| #define HAVE_NAMESPACES
| #define HAVE_NAMESPACE_STD
| #define HAVE_CXX_BINDING 1
| #define HAVE_NAMEPUB_SERVICE 1
| #define restrict __restrict
| #ifndef __cplusplus
| #define inline __inline__
| #endif
| #define HAVE_GCC_ATTRIBUTE 1
| #define WORDS_LITTLEENDIAN 1
| #define HAVE_LONG_DOUBLE 1
| #define HAVE_LONG_LONG_INT 1
| #define HAVE_MAX_INTEGER_ALIGNMENT 8
| #define HAVE_MAX_STRUCT_ALIGNMENT 8
| #define HAVE_MAX_FP_ALIGNMENT 16
| #define HAVE_MAX_DOUBLE_FP_ALIGNMENT 8
| #define HAVE_MAX_LONG_DOUBLE_FP_ALIGNMENT 16
| #define HAVE_SYS_TYPES_H 1
| #define HAVE_SYS_STAT_H 1
| #define HAVE_STDLIB_H 1
| #define HAVE_STRING_H 1
| #define HAVE_MEMORY_H 1
| #define HAVE_STRINGS_H 1
| #define HAVE_INTTYPES_H 1
| #define HAVE_STDINT_H 1
| /* end confdefs.h.  */
| #include <unistd.h>
configure:15793: gcc -c  -g -Wall -O2 -Wstrict-prototypes -Wmissing-prototypes -Wundef -Wpointer-arith -Wbad-function-cast -ansi -DGCC_WALL -std=c89 -O2  conftest.c 1>&5
configure:15789: warning: function declaration isn't a prototype
configure:15796: $? = 0
configure:15814: result: yes
configure:15827: checking for char
configure:15851: gcc -c  -g -Wall -O2 -Wstrict-prototypes -Wmissing-prototypes -Wundef -Wpointer-arith -Wbad-function-cast -ansi -DGCC_WALL -std=c89 -O2  conftest.c >&5
conftest.c:63:5: warning: "STDC_HEADERS" is not defined
conftest.c:72:7: warning: "STDC_HEADERS" is not defined
conftest.c:92: warning: function declaration isn't a prototype
configure:15857: $? = 0
configure:15860: test -z 			 || test ! -s conftest.err
configure:15863: $? = 0
configure:15866: test -s conftest.o
configure:15869: $? = 0
configure:15880: result: yes
configure:15883: checking size of char
configure:16195: gcc -o conftest  -g -Wall -O2 -Wstrict-prototypes -Wmissing-prototypes -Wundef -Wpointer-arith -Wbad-function-cast -ansi -DGCC_WALL -std=c89 -O2   conftest.c  >&5
conftest.c:63:5: warning: "STDC_HEADERS" is not defined
conftest.c:72:7: warning: "STDC_HEADERS" is not defined
conftest.c:90: warning: function declaration isn't a prototype
conftest.c:91: warning: function declaration isn't a prototype
conftest.c:96: warning: function declaration isn't a prototype
configure:16198: $? = 0
configure:16200: ./conftest
configure:16203: $? = 0
configure:16226: result: 1
configure:16233: checking for short
configure:16257: gcc -c  -g -Wall -O2 -Wstrict-prototypes -Wmissing-prototypes -Wundef -Wpointer-arith -Wbad-function-cast -ansi -DGCC_WALL -std=c89 -O2  conftest.c >&5
conftest.c:64:5: warning: "STDC_HEADERS" is not defined
conftest.c:73:7: warning: "STDC_HEADERS" is not defined
conftest.c:93: warning: function declaration isn't a prototype
configure:16263: $? = 0
configure:16266: test -z 			 || test ! -s conftest.err
configure:16269: $? = 0
configure:16272: test -s conftest.o
configure:16275: $? = 0
configure:16286: result: yes
configure:16289: checking size of short
configure:16601: gcc -o conftest  -g -Wall -O2 -Wstrict-prototypes -Wmissing-prototypes -Wundef -Wpointer-arith -Wbad-function-cast -ansi -DGCC_WALL -std=c89 -O2   conftest.c  >&5
conftest.c:64:5: warning: "STDC_HEADERS" is not defined
conftest.c:73:7: warning: "STDC_HEADERS" is not defined
conftest.c:91: warning: function declaration isn't a prototype
conftest.c:92: warning: function declaration isn't a prototype
conftest.c:97: warning: function declaration isn't a prototype
configure:16604: $? = 0
configure:16606: ./conftest
configure:16609: $? = 0
configure:16632: result: 2
configure:16639: checking for int
configure:16663: gcc -c  -g -Wall -O2 -Wstrict-prototypes -Wmissing-prototypes -Wundef -Wpointer-arith -Wbad-function-cast -ansi -DGCC_WALL -std=c89 -O2  conftest.c >&5
conftest.c:65:5: warning: "STDC_HEADERS" is not defined
conftest.c:74:7: warning: "STDC_HEADERS" is not defined
conftest.c:94: warning: function declaration isn't a prototype
configure:16669: $? = 0
configure:16672: test -z 			 || test ! -s conftest.err
configure:16675: $? = 0
configure:16678: test -s conftest.o
configure:16681: $? = 0
configure:16692: result: yes
configure:16695: checking size of int
configure:17007: gcc -o conftest  -g -Wall -O2 -Wstrict-prototypes -Wmissing-prototypes -Wundef -Wpointer-arith -Wbad-function-cast -ansi -DGCC_WALL -std=c89 -O2   conftest.c  >&5
conftest.c:65:5: warning: "STDC_HEADERS" is not defined
conftest.c:74:7: warning: "STDC_HEADERS" is not defined
conftest.c:92: warning: function declaration isn't a prototype
conftest.c:93: warning: function declaration isn't a prototype
conftest.c:98: warning: function declaration isn't a prototype
configure:17010: $? = 0
configure:17012: ./conftest
configure:17015: $? = 0
configure:17038: result: 4
configure:17045: checking for long
configure:17069: gcc -c  -g -Wall -O2 -Wstrict-prototypes -Wmissing-prototypes -Wundef -Wpointer-arith -Wbad-function-cast -ansi -DGCC_WALL -std=c89 -O2  conftest.c >&5
conftest.c:66:5: warning: "STDC_HEADERS" is not defined
conftest.c:75:7: warning: "STDC_HEADERS" is not defined
conftest.c:95: warning: function declaration isn't a prototype
configure:17075: $? = 0
configure:17078: test -z 			 || test ! -s conftest.err
configure:17081: $? = 0
configure:17084: test -s conftest.o
configure:17087: $? = 0
configure:17098: result: yes
configure:17101: checking size of long
configure:17413: gcc -o conftest  -g -Wall -O2 -Wstrict-prototypes -Wmissing-prototypes -Wundef -Wpointer-arith -Wbad-function-cast -ansi -DGCC_WALL -std=c89 -O2   conftest.c  >&5
conftest.c:66:5: warning: "STDC_HEADERS" is not defined
conftest.c:75:7: warning: "STDC_HEADERS" is not defined
conftest.c:93: warning: function declaration isn't a prototype
conftest.c:94: warning: function declaration isn't a prototype
conftest.c:99: warning: function declaration isn't a prototype
configure:17416: $? = 0
configure:17418: ./conftest
configure:17421: $? = 0
configure:17444: result: 8
configure:17451: checking for long long
configure:17475: gcc -c  -g -Wall -O2 -Wstrict-prototypes -Wmissing-prototypes -Wundef -Wpointer-arith -Wbad-function-cast -ansi -DGCC_WALL -std=c89 -O2  conftest.c >&5
conftest.c:67:5: warning: "STDC_HEADERS" is not defined
conftest.c:76:7: warning: "STDC_HEADERS" is not defined
conftest.c:96: warning: function declaration isn't a prototype
configure:17481: $? = 0
configure:17484: test -z 			 || test ! -s conftest.err
configure:17487: $? = 0
configure:17490: test -s conftest.o
configure:17493: $? = 0
configure:17504: result: yes
configure:17507: checking size of long long
configure:17819: gcc -o conftest  -g -Wall -O2 -Wstrict-prototypes -Wmissing-prototypes -Wundef -Wpointer-arith -Wbad-function-cast -ansi -DGCC_WALL -std=c89 -O2   conftest.c  >&5
conftest.c:67:5: warning: "STDC_HEADERS" is not defined
conftest.c:76:7: warning: "STDC_HEADERS" is not defined
conftest.c:94: warning: function declaration isn't a prototype
conftest.c:95: warning: function declaration isn't a prototype
conftest.c:100: warning: function declaration isn't a prototype
configure:17822: $? = 0
configure:17824: ./conftest
configure:17827: $? = 0
configure:17850: result: 8
configure:17857: checking for float
configure:17881: gcc -c  -g -Wall -O2 -Wstrict-prototypes -Wmissing-prototypes -Wundef -Wpointer-arith -Wbad-function-cast -ansi -DGCC_WALL -std=c89 -O2  conftest.c >&5
conftest.c:68:5: warning: "STDC_HEADERS" is not defined
conftest.c:77:7: warning: "STDC_HEADERS" is not defined
conftest.c:97: warning: function declaration isn't a prototype
configure:17887: $? = 0
configure:17890: test -z 			 || test ! -s conftest.err
configure:17893: $? = 0
configure:17896: test -s conftest.o
configure:17899: $? = 0
configure:17910: result: yes
configure:17913: checking size of float
configure:18225: gcc -o conftest  -g -Wall -O2 -Wstrict-prototypes -Wmissing-prototypes -Wundef -Wpointer-arith -Wbad-function-cast -ansi -DGCC_WALL -std=c89 -O2   conftest.c  >&5
conftest.c:68:5: warning: "STDC_HEADERS" is not defined
conftest.c:77:7: warning: "STDC_HEADERS" is not defined
conftest.c:95: warning: function declaration isn't a prototype
conftest.c:96: warning: function declaration isn't a prototype
conftest.c:101: warning: function declaration isn't a prototype
configure:18228: $? = 0
configure:18230: ./conftest
configure:18233: $? = 0
configure:18256: result: 4
configure:18263: checking for double
configure:18287: gcc -c  -g -Wall -O2 -Wstrict-prototypes -Wmissing-prototypes -Wundef -Wpointer-arith -Wbad-function-cast -ansi -DGCC_WALL -std=c89 -O2  conftest.c >&5
conftest.c:69:5: warning: "STDC_HEADERS" is not defined
conftest.c:78:7: warning: "STDC_HEADERS" is not defined
conftest.c:98: warning: function declaration isn't a prototype
configure:18293: $? = 0
configure:18296: test -z 			 || test ! -s conftest.err
configure:18299: $? = 0
configure:18302: test -s conftest.o
configure:18305: $? = 0
configure:18316: result: yes
configure:18319: checking size of double
configure:18631: gcc -o conftest  -g -Wall -O2 -Wstrict-prototypes -Wmissing-prototypes -Wundef -Wpointer-arith -Wbad-function-cast -ansi -DGCC_WALL -std=c89 -O2   conftest.c  >&5
conftest.c:69:5: warning: "STDC_HEADERS" is not defined
conftest.c:78:7: warning: "STDC_HEADERS" is not defined
conftest.c:96: warning: function declaration isn't a prototype
conftest.c:97: warning: function declaration isn't a prototype
conftest.c:102: warning: function declaration isn't a prototype
configure:18634: $? = 0
configure:18636: ./conftest
configure:18639: $? = 0
configure:18662: result: 8
configure:18669: checking for long double
configure:18693: gcc -c  -g -Wall -O2 -Wstrict-prototypes -Wmissing-prototypes -Wundef -Wpointer-arith -Wbad-function-cast -ansi -DGCC_WALL -std=c89 -O2  conftest.c >&5
conftest.c:70:5: warning: "STDC_HEADERS" is not defined
conftest.c:79:7: warning: "STDC_HEADERS" is not defined
conftest.c:99: warning: function declaration isn't a prototype
configure:18699: $? = 0
configure:18702: test -z 			 || test ! -s conftest.err
configure:18705: $? = 0
configure:18708: test -s conftest.o
configure:18711: $? = 0
configure:18722: result: yes
configure:18725: checking size of long double
configure:19037: gcc -o conftest  -g -Wall -O2 -Wstrict-prototypes -Wmissing-prototypes -Wundef -Wpointer-arith -Wbad-function-cast -ansi -DGCC_WALL -std=c89 -O2   conftest.c  >&5
conftest.c:70:5: warning: "STDC_HEADERS" is not defined
conftest.c:79:7: warning: "STDC_HEADERS" is not defined
conftest.c:97: warning: function declaration isn't a prototype
conftest.c:98: warning: function declaration isn't a prototype
conftest.c:103: warning: function declaration isn't a prototype
configure:19040: $? = 0
configure:19042: ./conftest
configure:19045: $? = 0
configure:19068: result: 16
configure:19075: checking for wchar_t
configure:19099: gcc -c  -g -Wall -O2 -Wstrict-prototypes -Wmissing-prototypes -Wundef -Wpointer-arith -Wbad-function-cast -ansi -DGCC_WALL -std=c89 -O2  conftest.c >&5
conftest.c:71:5: warning: "STDC_HEADERS" is not defined
conftest.c:80:7: warning: "STDC_HEADERS" is not defined
conftest.c:100: warning: function declaration isn't a prototype
configure:19105: $? = 0
configure:19108: test -z 			 || test ! -s conftest.err
configure:19111: $? = 0
configure:19114: test -s conftest.o
configure:19117: $? = 0
configure:19128: result: yes
configure:19131: checking size of wchar_t
configure:19443: gcc -o conftest  -g -Wall -O2 -Wstrict-prototypes -Wmissing-prototypes -Wundef -Wpointer-arith -Wbad-function-cast -ansi -DGCC_WALL -std=c89 -O2   conftest.c  >&5
conftest.c:71:5: warning: "STDC_HEADERS" is not defined
conftest.c:80:7: warning: "STDC_HEADERS" is not defined
conftest.c:98: warning: function declaration isn't a prototype
conftest.c:99: warning: function declaration isn't a prototype
conftest.c:104: warning: function declaration isn't a prototype
configure:19446: $? = 0
configure:19448: ./conftest
configure:19451: $? = 0
configure:19474: result: 4
configure:19627: checking for void *
configure:19651: gcc -c  -g -Wall -O2 -Wstrict-prototypes -Wmissing-prototypes -Wundef -Wpointer-arith -Wbad-function-cast -ansi -DGCC_WALL -std=c89 -O2  conftest.c >&5
conftest.c:72:5: warning: "STDC_HEADERS" is not defined
conftest.c:81:7: warning: "STDC_HEADERS" is not defined
conftest.c:101: warning: function declaration isn't a prototype
configure:19657: $? = 0
configure:19660: test -z 			 || test ! -s conftest.err
configure:19663: $? = 0
configure:19666: test -s conftest.o
configure:19669: $? = 0
configure:19680: result: yes
configure:19683: checking size of void *
configure:19995: gcc -o conftest  -g -Wall -O2 -Wstrict-prototypes -Wmissing-prototypes -Wundef -Wpointer-arith -Wbad-function-cast -ansi -DGCC_WALL -std=c89 -O2   conftest.c  >&5
conftest.c:72:5: warning: "STDC_HEADERS" is not defined
conftest.c:81:7: warning: "STDC_HEADERS" is not defined
conftest.c:99: warning: function declaration isn't a prototype
conftest.c:100: warning: function declaration isn't a prototype
conftest.c:105: warning: function declaration isn't a prototype
configure:19998: $? = 0
configure:20000: ./conftest
configure:20003: $? = 0
configure:20026: result: 8
configure:20035: checking for size of float int
configure:20061: gcc -o conftest  -g -Wall -O2 -Wstrict-prototypes -Wmissing-prototypes -Wundef -Wpointer-arith -Wbad-function-cast -ansi -DGCC_WALL -std=c89 -O2   conftest.c  >&5
conftest.c:68: warning: return type defaults to 'int'
conftest.c:68: warning: function declaration isn't a prototype
conftest.c: In function 'main':
conftest.c:72: warning: implicit declaration of function 'exit'
conftest.c:72: warning: incompatible implicit declaration of built-in function 'exit'
conftest.c:73: warning: format '%d' expects type 'int', but argument 3 has type 'long unsigned int'
configure:20064: $? = 0
configure:20066: ./conftest
configure:20069: $? = 0
configure:20091: result: 8
configure:20097: checking for size of double int
configure:20123: gcc -o conftest  -g -Wall -O2 -Wstrict-prototypes -Wmissing-prototypes -Wundef -Wpointer-arith -Wbad-function-cast -ansi -DGCC_WALL -std=c89 -O2   conftest.c  >&5
conftest.c:68: warning: return type defaults to 'int'
conftest.c:68: warning: function declaration isn't a prototype
conftest.c: In function 'main':
conftest.c:72: warning: implicit declaration of function 'exit'
conftest.c:72: warning: incompatible implicit declaration of built-in function 'exit'
conftest.c:73: warning: format '%d' expects type 'int', but argument 3 has type 'long unsigned int'
configure:20126: $? = 0
configure:20128: ./conftest
configure:20131: $? = 0
configure:20153: result: 12
configure:20159: checking for size of long int
configure:20185: gcc -o conftest  -g -Wall -O2 -Wstrict-prototypes -Wmissing-prototypes -Wundef -Wpointer-arith -Wbad-function-cast -ansi -DGCC_WALL -std=c89 -O2   conftest.c  >&5
conftest.c:68: warning: return type defaults to 'int'
conftest.c:68: warning: function declaration isn't a prototype
conftest.c: In function 'main':
conftest.c:72: warning: implicit declaration of function 'exit'
conftest.c:72: warning: incompatible implicit declaration of built-in function 'exit'
conftest.c:73: warning: format '%d' expects type 'int', but argument 3 has type 'long unsigned int'
configure:20188: $? = 0
configure:20190: ./conftest
configure:20193: $? = 0
configure:20215: result: 12
configure:20221: checking for size of short int
configure:20247: gcc -o conftest  -g -Wall -O2 -Wstrict-prototypes -Wmissing-prototypes -Wundef -Wpointer-arith -Wbad-function-cast -ansi -DGCC_WALL -std=c89 -O2   conftest.c  >&5
conftest.c:68: warning: return type defaults to 'int'
conftest.c:68: warning: function declaration isn't a prototype
conftest.c: In function 'main':
conftest.c:72: warning: implicit declaration of function 'exit'
conftest.c:72: warning: incompatible implicit declaration of built-in function 'exit'
conftest.c:73: warning: format '%d' expects type 'int', but argument 3 has type 'long unsigned int'
configure:20250: $? = 0
configure:20252: ./conftest
configure:20255: $? = 0
configure:20277: result: 6
configure:20283: checking for size of 2 int
configure:20309: gcc -o conftest  -g -Wall -O2 -Wstrict-prototypes -Wmissing-prototypes -Wundef -Wpointer-arith -Wbad-function-cast -ansi -DGCC_WALL -std=c89 -O2   conftest.c  >&5
conftest.c:68: warning: return type defaults to 'int'
conftest.c:68: warning: function declaration isn't a prototype
conftest.c: In function 'main':
conftest.c:72: warning: implicit declaration of function 'exit'
conftest.c:72: warning: incompatible implicit declaration of built-in function 'exit'
conftest.c:73: warning: format '%d' expects type 'int', but argument 3 has type 'long unsigned int'
configure:20312: $? = 0
configure:20314: ./conftest
configure:20317: $? = 0
configure:20339: result: 8
configure:20345: checking for size of long double int
configure:20371: gcc -o conftest  -g -Wall -O2 -Wstrict-prototypes -Wmissing-prototypes -Wundef -Wpointer-arith -Wbad-function-cast -ansi -DGCC_WALL -std=c89 -O2   conftest.c  >&5
conftest.c:68: warning: return type defaults to 'int'
conftest.c:68: warning: function declaration isn't a prototype
conftest.c: In function 'main':
conftest.c:72: warning: implicit declaration of function 'exit'
conftest.c:72: warning: incompatible implicit declaration of built-in function 'exit'
conftest.c:73: warning: format '%d' expects type 'int', but argument 3 has type 'long unsigned int'
configure:20374: $? = 0
configure:20376: ./conftest
configure:20379: $? = 0
configure:20401: result: 20
configure:20410: checking for sys/bitypes.h
configure:20426:   conftest.c
/home/selami/libraries/mpich2-1.0.7/configure: line 20427: conftest.c: command not found
configure:20432: $? = 127
configure: failed program was:
| /* confdefs.h.  */
| 
| #define PACKAGE_NAME ""
| #define PACKAGE_TARNAME ""
| #define PACKAGE_VERSION ""
| #define PACKAGE_STRING ""
| #define PACKAGE_BUGREPORT ""
| #define HAVE_ERROR_CHECKING MPID_ERROR_LEVEL_ALL
| #define MPICH_ERROR_MSG_LEVEL MPICH_ERROR_MSG_ALL
| #define USE_LOGGING MPID_LOGGING_NONE
| #define MPICH_THREAD_LEVEL MPI_THREAD_MULTIPLE
| #define USE_THREAD_IMPL MPICH_THREAD_IMPL_GLOBAL_MUTEX
| #define USE_MEMORY_TRACING 1
| #define USE_DBG_LOGGING 1
| #define HAVE_DEBUGGER_SUPPORT 1
| #define MPICH_INFODLL_LOC "/usr/local/mpich2/lib/libtvmpich2.so"
| #define HAVE_ROMIO 1
| #define HAVE_PRAGMA_WEAK 1
| #define USE_WEAK_SYMBOLS 1
| #define HAVE_MULTIPLE_PRAGMA_WEAK 1
| #define HAVE_LONG_LONG 1
| #define F77_NAME_LOWER_USCORE 1
| #define STDCALL 
| #define HAVE_FORTRAN_BINDING 1
| #ifdef __cplusplus
| extern "C" void exit (int) throw ();
| #endif
| #define HAVE_CXX_EXCEPTIONS
| #define HAVE_NAMESPACES
| #define HAVE_NAMESPACE_STD
| #define HAVE_CXX_BINDING 1
| #define HAVE_NAMEPUB_SERVICE 1
| #define restrict __restrict
| #ifndef __cplusplus
| #define inline __inline__
| #endif
| #define HAVE_GCC_ATTRIBUTE 1
| #define WORDS_LITTLEENDIAN 1
| #define HAVE_LONG_DOUBLE 1
| #define HAVE_LONG_LONG_INT 1
| #define HAVE_MAX_INTEGER_ALIGNMENT 8
| #define HAVE_MAX_STRUCT_ALIGNMENT 8
| #define HAVE_MAX_FP_ALIGNMENT 16
| #define HAVE_MAX_DOUBLE_FP_ALIGNMENT 8
| #define HAVE_MAX_LONG_DOUBLE_FP_ALIGNMENT 16
| #define HAVE_SYS_TYPES_H 1
| #define HAVE_SYS_STAT_H 1
| #define HAVE_STDLIB_H 1
| #define HAVE_STRING_H 1
| #define HAVE_MEMORY_H 1
| #define HAVE_STRINGS_H 1
| #define HAVE_INTTYPES_H 1
| #define HAVE_STDINT_H 1
| #define HAVE_UNISTD_H 1
| #define SIZEOF_CHAR 1
| #define SIZEOF_SHORT 2
| #define SIZEOF_INT 4
| #define SIZEOF_LONG 8
| #define SIZEOF_LONG_LONG 8
| #define SIZEOF_FLOAT 4
| #define SIZEOF_DOUBLE 8
| #define SIZEOF_LONG_DOUBLE 16
| #define SIZEOF_WCHAR_T 4
| #define SIZEOF_VOID_P 8
| /* end confdefs.h.  */
| #include <sys/bitypes.h>
configure:20462: gcc -c  -g -Wall -O2 -Wstrict-prototypes -Wmissing-prototypes -Wundef -Wpointer-arith -Wbad-function-cast -ansi -DGCC_WALL -std=c89 -O2  conftest.c 1>&5
configure:20458: warning: function declaration isn't a prototype
configure:20465: $? = 0
configure:20483: result: yes
configure:20496: checking for int16_t
configure:20520: gcc -c  -g -Wall -O2 -Wstrict-prototypes -Wmissing-prototypes -Wundef -Wpointer-arith -Wbad-function-cast -ansi -DGCC_WALL -std=c89 -O2  conftest.c >&5
conftest.c:72: warning: function declaration isn't a prototype
conftest.c: In function 'main':
conftest.c:73: warning: unused variable 'a'
configure:20526: $? = 0
configure:20529: test -z 			 || test ! -s conftest.err
configure:20532: $? = 0
configure:20535: test -s conftest.o
configure:20538: $? = 0
configure:20549: result: yes
configure:20980: checking for int32_t
configure:21004: gcc -c  -g -Wall -O2 -Wstrict-prototypes -Wmissing-prototypes -Wundef -Wpointer-arith -Wbad-function-cast -ansi -DGCC_WALL -std=c89 -O2  conftest.c >&5
conftest.c:73: warning: function declaration isn't a prototype
conftest.c: In function 'main':
conftest.c:74: warning: unused variable 'a'
configure:21010: $? = 0
configure:21013: test -z 			 || test ! -s conftest.err
configure:21016: $? = 0
configure:21019: test -s conftest.o
configure:21022: $? = 0
configure:21033: result: yes
configure:21463: checking for int64_t
configure:21487: gcc -c  -g -Wall -O2 -Wstrict-prototypes -Wmissing-prototypes -Wundef -Wpointer-arith -Wbad-function-cast -ansi -DGCC_WALL -std=c89 -O2  conftest.c >&5
conftest.c:74: warning: function declaration isn't a prototype
conftest.c: In function 'main':
conftest.c:75: warning: unused variable 'a'
configure:21493: $? = 0
configure:21496: test -z 			 || test ! -s conftest.err
configure:21499: $? = 0
configure:21502: test -s conftest.o
configure:21505: $? = 0
configure:21516: result: yes
configure:22698: checking for size of Fortran type integer
configure:22732: gcc -c  -g -Wall -O2 -Wstrict-prototypes -Wmissing-prototypes -Wundef -Wpointer-arith -Wbad-function-cast -ansi -DGCC_WALL -std=c89 -O2  conftestc.c >&5
configure:22735: $? = 0
configure:22755: g77 -o conftest  -g -O2  conftest.f conftestc.o  >&5
configure:22758: $? = 0
configure:22792: result: 4
configure:22803: checking for size of Fortran type real
configure:22837: gcc -c  -g -Wall -O2 -Wstrict-prototypes -Wmissing-prototypes -Wundef -Wpointer-arith -Wbad-function-cast -ansi -DGCC_WALL -std=c89 -O2  conftestc.c >&5
configure:22840: $? = 0
configure:22860: g77 -o conftest  -g -O2  conftest.f conftestc.o  >&5
configure:22863: $? = 0
configure:22897: result: 4
configure:22908: checking for size of Fortran type double precision
configure:22942: gcc -c  -g -Wall -O2 -Wstrict-prototypes -Wmissing-prototypes -Wundef -Wpointer-arith -Wbad-function-cast -ansi -DGCC_WALL -std=c89 -O2  conftestc.c >&5
configure:22945: $? = 0
configure:22965: g77 -o conftest  -g -O2  conftest.f conftestc.o  >&5
configure:22968: $? = 0
configure:23002: result: 8
configure:23021: checking whether integer*1 is supported
configure:23033: g77 -c  -g -O2 conftest.f >&5
configure:23039: $? = 0
configure:23042: test -z 			 || test ! -s conftest.err
configure:23045: $? = 0
configure:23048: test -s conftest.o
configure:23051: $? = 0
configure:23062: result: yes
configure:23064: checking whether integer*2 is supported
configure:23076: g77 -c  -g -O2 conftest.f >&5
configure:23082: $? = 0
configure:23085: test -z 			 || test ! -s conftest.err
configure:23088: $? = 0
configure:23091: test -s conftest.o
configure:23094: $? = 0
configure:23105: result: yes
configure:23107: checking whether integer*4 is supported
configure:23119: g77 -c  -g -O2 conftest.f >&5
configure:23125: $? = 0
configure:23128: test -z 			 || test ! -s conftest.err
configure:23131: $? = 0
configure:23134: test -s conftest.o
configure:23137: $? = 0
configure:23148: result: yes
configure:23150: checking whether integer*8 is supported
configure:23162: g77 -c  -g -O2 conftest.f >&5
configure:23168: $? = 0
configure:23171: test -z 			 || test ! -s conftest.err
configure:23174: $? = 0
configure:23177: test -s conftest.o
configure:23180: $? = 0
configure:23191: result: yes
configure:23193: checking whether integer*16 is supported
configure:23205: g77 -c  -g -O2 conftest.f >&5
configure:23211: $? = 0
configure:23214: test -z 			 || test ! -s conftest.err
configure:23217: $? = 0
configure:23220: test -s conftest.o
configure:23223: $? = 0
configure:23234: result: yes
configure:23236: checking whether real*4 is supported
configure:23248: g77 -c  -g -O2 conftest.f >&5
configure:23254: $? = 0
configure:23257: test -z 			 || test ! -s conftest.err
configure:23260: $? = 0
configure:23263: test -s conftest.o
configure:23266: $? = 0
configure:23277: result: yes
configure:23279: checking whether real*8 is supported
configure:23291: g77 -c  -g -O2 conftest.f >&5
configure:23297: $? = 0
configure:23300: test -z 			 || test ! -s conftest.err
configure:23303: $? = 0
configure:23306: test -s conftest.o
configure:23309: $? = 0
configure:23320: result: yes
configure:23322: checking whether real*16 is supported
configure:23334: g77 -c  -g -O2 conftest.f >&5
conftest.f:2.13:

      real*16 a                                                         
            1
Error: Old-style type declaration REAL*16 not supported at (1)
configure:23340: $? = 1
configure: failed program was:
|       program main
|       real*16 a
|       end
configure:23363: result: no
configure:23755: checking for C type matching Fortran integer
configure:23762: result: int
configure:23811: checking for size of MPI_Status
configure:23845: gcc -o conftest  -g -Wall -O2 -Wstrict-prototypes -Wmissing-prototypes -Wundef -Wpointer-arith -Wbad-function-cast -ansi -DGCC_WALL -std=c89 -O2   conftest.c  >&5
conftest.c: In function 'main':
conftest.c:94: warning: implicit declaration of function 'exit'
conftest.c:94: warning: incompatible implicit declaration of built-in function 'exit'
conftest.c:95: warning: format '%d' expects type 'int', but argument 3 has type 'long unsigned int'
configure:23848: $? = 0
configure:23850: ./conftest
configure:23853: $? = 0
configure:23868: result: 20
configure:23897: checking for values of Fortran logicals
configure:23937: gcc -c  -g -Wall -O2 -Wstrict-prototypes -Wmissing-prototypes -Wundef -Wpointer-arith -Wbad-function-cast -ansi -DGCC_WALL -std=c89 -O2  conftestc.c >&5
conftestc.c: In function 'ftest_':
conftestc.c:12: warning: implicit declaration of function 'exit'
conftestc.c:12: warning: incompatible implicit declaration of built-in function 'exit'
configure:23940: $? = 0
configure:23951: g77 -o conftest  -g -O2  conftest.f conftestc.o  >&5
configure:23954: $? = 0
configure:23992: result: True is 1 and False is 0
configure:24082: checking how to run the C preprocessor
configure:24117: gcc -E  conftest.c
configure:24123: $? = 0
configure:24155: gcc -E  conftest.c
conftest.c:85:28: error: ac_nonexistent.h: No such file or directory
configure:24161: $? = 1
configure: failed program was:
| /* confdefs.h.  */
| 
| #define PACKAGE_NAME ""
| #define PACKAGE_TARNAME ""
| #define PACKAGE_VERSION ""
| #define PACKAGE_STRING ""
| #define PACKAGE_BUGREPORT ""
| #define HAVE_ERROR_CHECKING MPID_ERROR_LEVEL_ALL
| #define MPICH_ERROR_MSG_LEVEL MPICH_ERROR_MSG_ALL
| #define USE_LOGGING MPID_LOGGING_NONE
| #define MPICH_THREAD_LEVEL MPI_THREAD_MULTIPLE
| #define USE_THREAD_IMPL MPICH_THREAD_IMPL_GLOBAL_MUTEX
| #define USE_MEMORY_TRACING 1
| #define USE_DBG_LOGGING 1
| #define HAVE_DEBUGGER_SUPPORT 1
| #define MPICH_INFODLL_LOC "/usr/local/mpich2/lib/libtvmpich2.so"
| #define HAVE_ROMIO 1
| #define HAVE_PRAGMA_WEAK 1
| #define USE_WEAK_SYMBOLS 1
| #define HAVE_MULTIPLE_PRAGMA_WEAK 1
| #define HAVE_LONG_LONG 1
| #define F77_NAME_LOWER_USCORE 1
| #define STDCALL 
| #define HAVE_FORTRAN_BINDING 1
| #ifdef __cplusplus
| extern "C" void exit (int) throw ();
| #endif
| #define HAVE_CXX_EXCEPTIONS
| #define HAVE_NAMESPACES
| #define HAVE_NAMESPACE_STD
| #define HAVE_CXX_BINDING 1
| #define HAVE_NAMEPUB_SERVICE 1
| #define restrict __restrict
| #ifndef __cplusplus
| #define inline __inline__
| #endif
| #define HAVE_GCC_ATTRIBUTE 1
| #define WORDS_LITTLEENDIAN 1
| #define HAVE_LONG_DOUBLE 1
| #define HAVE_LONG_LONG_INT 1
| #define HAVE_MAX_INTEGER_ALIGNMENT 8
| #define HAVE_MAX_STRUCT_ALIGNMENT 8
| #define HAVE_MAX_FP_ALIGNMENT 16
| #define HAVE_MAX_DOUBLE_FP_ALIGNMENT 8
| #define HAVE_MAX_LONG_DOUBLE_FP_ALIGNMENT 16
| #define HAVE_SYS_TYPES_H 1
| #define HAVE_SYS_STAT_H 1
| #define HAVE_STDLIB_H 1
| #define HAVE_STRING_H 1
| #define HAVE_MEMORY_H 1
| #define HAVE_STRINGS_H 1
| #define HAVE_INTTYPES_H 1
| #define HAVE_STDINT_H 1
| #define HAVE_UNISTD_H 1
| #define SIZEOF_CHAR 1
| #define SIZEOF_SHORT 2
| #define SIZEOF_INT 4
| #define SIZEOF_LONG 8
| #define SIZEOF_LONG_LONG 8
| #define SIZEOF_FLOAT 4
| #define SIZEOF_DOUBLE 8
| #define SIZEOF_LONG_DOUBLE 16
| #define SIZEOF_WCHAR_T 4
| #define SIZEOF_VOID_P 8
| #define HAVE_SYS_BITYPES_H 1
| #define HAVE_INT16_T 1
| #define HAVE_INT32_T 1
| #define HAVE_INT64_T 1
| #define MPIR_REAL4_CTYPE float
| #define MPIR_REAL8_CTYPE double
| #define MPIR_REAL16_CTYPE long double
| #define MPIR_INTEGER1_CTYPE char
| #define MPIR_INTEGER2_CTYPE short
| #define MPIR_INTEGER4_CTYPE int
| #define MPIR_INTEGER8_CTYPE long
| #define SIZEOF_F77_INTEGER 4
| #define SIZEOF_F77_REAL 4
| #define SIZEOF_F77_DOUBLE_PRECISION 8
| #define HAVE_AINT_LARGER_THAN_FINT 1
| #define HAVE_FINT_IS_INT 1
| #define F77_TRUE_VALUE_SET 1
| #define F77_TRUE_VALUE 1
| #define F77_FALSE_VALUE 0
| /* end confdefs.h.  */
| #include <ac_nonexistent.h>
configure:24200: result: gcc -E
configure:24224: gcc -E  conftest.c
configure:24230: $? = 0
configure:24262: gcc -E  conftest.c
conftest.c:85:28: error: ac_nonexistent.h: No such file or directory
configure:24268: $? = 1
configure: failed program was:
| /* confdefs.h.  */
| 
| #define PACKAGE_NAME ""
| #define PACKAGE_TARNAME ""
| #define PACKAGE_VERSION ""
| #define PACKAGE_STRING ""
| #define PACKAGE_BUGREPORT ""
| #define HAVE_ERROR_CHECKING MPID_ERROR_LEVEL_ALL
| #define MPICH_ERROR_MSG_LEVEL MPICH_ERROR_MSG_ALL
| #define USE_LOGGING MPID_LOGGING_NONE
| #define MPICH_THREAD_LEVEL MPI_THREAD_MULTIPLE
| #define USE_THREAD_IMPL MPICH_THREAD_IMPL_GLOBAL_MUTEX
| #define USE_MEMORY_TRACING 1
| #define USE_DBG_LOGGING 1
| #define HAVE_DEBUGGER_SUPPORT 1
| #define MPICH_INFODLL_LOC "/usr/local/mpich2/lib/libtvmpich2.so"
| #define HAVE_ROMIO 1
| #define HAVE_PRAGMA_WEAK 1
| #define USE_WEAK_SYMBOLS 1
| #define HAVE_MULTIPLE_PRAGMA_WEAK 1
| #define HAVE_LONG_LONG 1
| #define F77_NAME_LOWER_USCORE 1
| #define STDCALL 
| #define HAVE_FORTRAN_BINDING 1
| #ifdef __cplusplus
| extern "C" void exit (int) throw ();
| #endif
| #define HAVE_CXX_EXCEPTIONS
| #define HAVE_NAMESPACES
| #define HAVE_NAMESPACE_STD
| #define HAVE_CXX_BINDING 1
| #define HAVE_NAMEPUB_SERVICE 1
| #define restrict __restrict
| #ifndef __cplusplus
| #define inline __inline__
| #endif
| #define HAVE_GCC_ATTRIBUTE 1
| #define WORDS_LITTLEENDIAN 1
| #define HAVE_LONG_DOUBLE 1
| #define HAVE_LONG_LONG_INT 1
| #define HAVE_MAX_INTEGER_ALIGNMENT 8
| #define HAVE_MAX_STRUCT_ALIGNMENT 8
| #define HAVE_MAX_FP_ALIGNMENT 16
| #define HAVE_MAX_DOUBLE_FP_ALIGNMENT 8
| #define HAVE_MAX_LONG_DOUBLE_FP_ALIGNMENT 16
| #define HAVE_SYS_TYPES_H 1
| #define HAVE_SYS_STAT_H 1
| #define HAVE_STDLIB_H 1
| #define HAVE_STRING_H 1
| #define HAVE_MEMORY_H 1
| #define HAVE_STRINGS_H 1
| #define HAVE_INTTYPES_H 1
| #define HAVE_STDINT_H 1
| #define HAVE_UNISTD_H 1
| #define SIZEOF_CHAR 1
| #define SIZEOF_SHORT 2
| #define SIZEOF_INT 4
| #define SIZEOF_LONG 8
| #define SIZEOF_LONG_LONG 8
| #define SIZEOF_FLOAT 4
| #define SIZEOF_DOUBLE 8
| #define SIZEOF_LONG_DOUBLE 16
| #define SIZEOF_WCHAR_T 4
| #define SIZEOF_VOID_P 8
| #define HAVE_SYS_BITYPES_H 1
| #define HAVE_INT16_T 1
| #define HAVE_INT32_T 1
| #define HAVE_INT64_T 1
| #define MPIR_REAL4_CTYPE float
| #define MPIR_REAL8_CTYPE double
| #define MPIR_REAL16_CTYPE long double
| #define MPIR_INTEGER1_CTYPE char
| #define MPIR_INTEGER2_CTYPE short
| #define MPIR_INTEGER4_CTYPE int
| #define MPIR_INTEGER8_CTYPE long
| #define SIZEOF_F77_INTEGER 4
| #define SIZEOF_F77_REAL 4
| #define SIZEOF_F77_DOUBLE_PRECISION 8
| #define HAVE_AINT_LARGER_THAN_FINT 1
| #define HAVE_FINT_IS_INT 1
| #define F77_TRUE_VALUE_SET 1
| #define F77_TRUE_VALUE 1
| #define F77_FALSE_VALUE 0
| /* end confdefs.h.  */
| #include <ac_nonexistent.h>
configure:24333: gcc -E conftest.c >/dev/null 2>conftest.out
configure:24336: $? = 0
configure:24435: gcc -o conftest  -g -Wall -O2 -Wstrict-prototypes -Wmissing-prototypes -Wundef -Wpointer-arith -Wbad-function-cast -ansi -DGCC_WALL -std=c89 -O2   conftest.c  >&5
configure:24432: warning: return type defaults to 'int'
configure:24432: warning: function declaration isn't a prototype
configure:24438: $? = 0
configure:24479: g77 -o conftest  -g -O2  conftest.f  >&5
configure:24482: $? = 0
configure:24526: c++ -o conftest  -g -O2   conftest.cc  >&5
configure:24529: $? = 0
configure:2324: ifort -o conftest  -g -O2  conftest.f90  >&5
configure:24865: error: Unable to determine Fortran integer kinds for MPI types.  If you do not need Fortran 90, add --disable-f90 to the configure options.  If you need Fortran 90, please send the output of configure and the file config.log to mpich2-maint@mcs.anl.gov .

## ---------------- ##
## Cache variables. ##
## ---------------- ##

ac_cv_c_bigendian=no
ac_cv_c_compiler_gnu=yes
ac_cv_c_const=yes
ac_cv_c_inline=__inline__
ac_cv_cxx_bool=yes
ac_cv_cxx_compiler_gnu=yes
ac_cv_cxx_exceptions=yes
ac_cv_cxx_namespace_std=yes
ac_cv_cxx_namespaces=yes
ac_cv_env_CC_set=
ac_cv_env_CC_value=
ac_cv_env_CFLAGS_set=
ac_cv_env_CFLAGS_value=
ac_cv_env_CPPFLAGS_set=
ac_cv_env_CPPFLAGS_value=
ac_cv_env_CPP_set=
ac_cv_env_CPP_value=
ac_cv_env_CXXCPP_set=
ac_cv_env_CXXCPP_value=
ac_cv_env_CXXFLAGS_set=
ac_cv_env_CXXFLAGS_value=
ac_cv_env_CXX_set=
ac_cv_env_CXX_value=
ac_cv_env_F77_set=
ac_cv_env_F77_value=
ac_cv_env_F90FLAGS_set=
ac_cv_env_F90FLAGS_value=
ac_cv_env_F90_set=
ac_cv_env_F90_value=
ac_cv_env_FFLAGS_set=
ac_cv_env_FFLAGS_value=
ac_cv_env_LDFLAGS_set=
ac_cv_env_LDFLAGS_value=
ac_cv_env_MPICH2LIB_CFLAGS_set=
ac_cv_env_MPICH2LIB_CFLAGS_value=
ac_cv_env_MPICH2LIB_CXXFLAGS_set=
ac_cv_env_MPICH2LIB_CXXFLAGS_value=
ac_cv_env_MPICH2LIB_F90FLAGS_set=
ac_cv_env_MPICH2LIB_F90FLAGS_value=
ac_cv_env_MPICH2LIB_FFLAGS_set=
ac_cv_env_MPICH2LIB_FFLAGS_value=
ac_cv_env_build_alias_set=
ac_cv_env_build_alias_value=
ac_cv_env_host_alias_set=
ac_cv_env_host_alias_value=
ac_cv_env_target_alias_set=
ac_cv_env_target_alias_value=
ac_cv_exeext=
ac_cv_f77_compiler_gnu=yes
ac_cv_f77_libs=' -L/usr/lib64/gcc/x86_64-suse-linux/4.2.1 -L/usr/lib64/gcc/x86_64-suse-linux/4.2.1/../../../../lib64 -L/lib/../lib64 -L/usr/lib/../lib64 -L/usr/lib64/gcc/x86_64-suse-linux/4.2.1/../../../../x86_64-suse-linux/lib -L/usr/lib64/gcc/x86_64-suse-linux/4.2.1/../../.. -lgfortranbegin -lgfortran -lm -lgcc_s'
ac_cv_f90_compiler_gnu=no
ac_cv_header_inttypes_h=yes
ac_cv_header_memory_h=yes
ac_cv_header_stdc=no
ac_cv_header_stdint_h=yes
ac_cv_header_stdlib_h=yes
ac_cv_header_string_h=yes
ac_cv_header_strings_h=yes
ac_cv_header_sys_bitypes_h=yes
ac_cv_header_sys_stat_h=yes
ac_cv_header_sys_types_h=yes
ac_cv_header_unistd_h=yes
ac_cv_objext=o
ac_cv_path_BASH=/bin/sh
ac_cv_path_DOCTEXT=false
ac_cv_path_PERL=/usr/bin/perl
ac_cv_path_install='/usr/bin/install -c'
ac_cv_prog_AR=ar
ac_cv_prog_CPP='gcc -E'
ac_cv_prog_CXX=c++
ac_cv_prog_ETAGS=etags
ac_cv_prog_KILLALL=killall
ac_cv_prog_MAKE=make
ac_cv_prog_RANLIB=ranlib
ac_cv_prog_ac_ct_CC=gcc
ac_cv_prog_ac_ct_F77=g77
ac_cv_prog_ac_ct_F90=ifort
ac_cv_prog_cc_cross=
ac_cv_prog_cc_g=yes
ac_cv_prog_cc_stdc=
ac_cv_prog_cc_works=yes
ac_cv_prog_cxx_cross=
ac_cv_prog_cxx_g=yes
ac_cv_prog_cxx_works=yes
ac_cv_prog_egrep='grep -E'
ac_cv_prog_f77_cross=
ac_cv_prog_f77_g=yes
ac_cv_prog_f77_v=-v
ac_cv_prog_f77_works=yes
ac_cv_prog_f90_cross=yes
ac_cv_prog_f90_g=yes
ac_cv_prog_f90_works=yes
ac_cv_prog_install_breaks_libs=no
ac_cv_sizeof_char=1
ac_cv_sizeof_double=8
ac_cv_sizeof_float=4
ac_cv_sizeof_int=4
ac_cv_sizeof_long=8
ac_cv_sizeof_long_double=16
ac_cv_sizeof_long_long=8
ac_cv_sizeof_short=2
ac_cv_sizeof_void_p=8
ac_cv_sizeof_wchar_t=4
ac_cv_type_char=yes
ac_cv_type_double=yes
ac_cv_type_float=yes
ac_cv_type_int=yes
ac_cv_type_long=yes
ac_cv_type_long_double=yes
ac_cv_type_long_long=yes
ac_cv_type_short=yes
ac_cv_type_void_p=yes
ac_cv_type_wchar_t=yes
pac_cv_attr_weak=yes
pac_cv_c_double_alignment_exception=no
pac_cv_c_double_pos_align=no
pac_cv_c_fp_align_nr=16
pac_cv_c_llint_pos_align=no
pac_cv_c_max_double_fp_align=eight
pac_cv_c_max_fp_align=sixteen
pac_cv_c_max_integer_align=eight
pac_cv_c_max_longdouble_fp_align=sixteen
pac_cv_c_restrict=__restrict
pac_cv_c_struct_align_nr=8
pac_cv_c_volatile=yes
pac_cv_cc_has___func__=yes
pac_cv_cxx_builds_exe=yes
pac_cv_cxx_has_iostream=yes
pac_cv_cxx_has_math=no
pac_cv_f77_flibs_valid=yes
pac_cv_f77_sizeof_double_precision=8
pac_cv_f77_sizeof_integer=4
pac_cv_f77_sizeof_real=4
pac_cv_f90_accepts_F90=yes
pac_cv_f90_ext=f90
pac_cv_f90_ext_f90=yes
pac_cv_f90_module_case=lower
pac_cv_f90_module_ext=mod
pac_cv_f90_module_incflag=-I
pac_cv_f90_vendor=intel
pac_cv_fort_accepts_F=yes
pac_cv_fort_integer1=yes
pac_cv_fort_integer16=yes
pac_cv_fort_integer2=yes
pac_cv_fort_integer4=yes
pac_cv_fort_integer8=yes
pac_cv_fort_real16=no
pac_cv_fort_real4=yes
pac_cv_fort_real8=yes
pac_cv_gnu_attr_format=yes
pac_cv_gnu_attr_pure=yes
pac_cv_have_long_double=yes
pac_cv_have_long_long=yes
pac_cv_int16_t=yes
pac_cv_int32_t=yes
pac_cv_int64_t=yes
pac_cv_mkdir_p=yes
pac_cv_my_conf_dir=/tmp/selami/mpich2
pac_cv_pointers_have_int_alignment=yes
pac_cv_prog_TESTCPP='gcc -E'
pac_cv_prog_c_multiple_weak_symbols=yes
pac_cv_prog_c_unaligned_doubles=yes
pac_cv_prog_c_weak_symbols='pragma weak'
pac_cv_prog_f77_and_c_stdio_libs=none
pac_cv_prog_f77_exclaim_comments=yes
pac_cv_prog_f77_has_incdir=-I
pac_cv_prog_f77_library_dir_flag=-L
pac_cv_prog_f77_name_mangle='lower underscore'
pac_cv_prog_f77_true_false_value='1 0'
pac_cv_prog_f90_and_c_stdio_libs=none
pac_cv_prog_f90_cross=yes
pac_cv_prog_f90_works=yes
pac_cv_prog_make_allows_comments=yes
pac_cv_prog_make_found_clock_skew=no
pac_cv_prog_make_include=yes
pac_cv_prog_make_set_cflags=no
pac_cv_prog_make_vpath=VPATH
pac_cv_sizeof_2_int=8
pac_cv_sizeof_double_int=12
pac_cv_sizeof_float_int=8
pac_cv_sizeof_long_double_int=20
pac_cv_sizeof_long_int=12
pac_cv_sizeof_mpi_status=20
pac_cv_sizeof_short_int=6
pac_cv_test_stdcall=

## ----------------- ##
## Output variables. ##
## ----------------- ##

ABIVERSION='1:1'
ADDRESS_KIND='0'
ALLOCA=''
AR='ar'
BASH='/bin/sh'
BSEND_OVERHEAD=''
BUILD_BASH_SCRIPTS='yes'
BUILD_DLLS='no'
BUILD_TVDLL='yes'
CC='gcc'
CC_SHL='${CC} -fpic'
CC_SHL_DBG='${CC} -fpic'
CFLAGS=' -g -Wall -O2 -Wstrict-prototypes -Wmissing-prototypes -Wundef -Wpointer-arith -Wbad-function-cast -ansi -DGCC_WALL -std=c89 -O2'
CONFIGURE_ARGS_CLEAN='-prefix=/usr/local/mpich2 --enable-debuginfo --enable-g=dbg,mem,log --enable-strict --enable-error-checking=all --enable-error-messages=all --enable-mpe --enable-threads=multiple --enable-timer-type=gettimeofday --enable-f90 --enable-sharedlibs=gcc --with-pm=mpd:gforker'
CONFIGURE_ARGUMENTS=''-prefix=/usr/local/mpich2' '--enable-debuginfo' '--enable-g=dbg,mem,log' '--enable-strict' '--enable-error-checking=all' '--enable-error-messages=all' '--enable-mpe' '--enable-threads=multiple' '--enable-timer-type=gettimeofday' '--enable-f90' '--enable-sharedlibs=gcc' '--with-pm=mpd:gforker''
CPP='gcc -E'
CPPFLAGS=''
CREATESHLIB='/tmp/selami/mpich2/src/util/createshlib'
CXX='c++'
CXXCPP=''
CXXFLAGS=' -g -O2'
CXX_DEFS=' -DHAVE_CXX_IOSTREAM -DHAVE_NAMESPACE_STD'
CXX_LINKPATH_SHL='-Wl,-rpath -Wl,'
CXX_SHL='c++ -shared -fpic'
C_LINKPATH_SHL='-Wl,-rpath,'
C_LINK_SHL='${CC} -shared'
C_LINK_SHL_DBG='${CC} -shared'
DEFS=''
DEVICE='ch3'
DEVICE_ARGS=''
DEVICE_NAME='ch3'
DLLIMPORT=''
DOCTEXT='false'
DOCTEXTSTYLE=''
ECHO_C=''
ECHO_N='-n'
ECHO_T=''
EGREP='grep -E'
ENABLE_SHLIB='gcc'
ETAGS='etags'
ETAGSADD='--language=c'
EXEEXT=''
EXTERNAL_SRC_DIRS=''
EXTRA_STATUS_DECL=''
F77='g77'
F77CPP=''
F77_COMPLEX16='1275072554'
F77_COMPLEX32='1275076652'
F77_COMPLEX8='1275070504'
F77_INCDIR='-I'
F77_INTEGER16='MPI_DATATYPE_NULL'
F77_INTEGER1='1275068717'
F77_INTEGER2='1275068975'
F77_INTEGER4='1275069488'
F77_INTEGER8='1275070513'
F77_IN_C_LIBS=''
F77_LIBDIR_LEADER='-L'
F77_NAME_MANGLE='F77_NAME_LOWER_USCORE'
F77_OTHER_LIBS=''
F77_REAL16='1275072555'
F77_REAL4='1275069479'
F77_REAL8='1275070505'
F90='ifort'
F90CPP=''
F90EXT='f90'
F90FLAGS=' -g -O2'
F90INC='-I'
F90INCFLAG='-I'
F90MODEXT='mod'
F90MODINCFLAG='-I'
F90MODINCSPEC=''
F90_LINKPATH_SHL='-Wl,-rpath -Wl,'
F90_OTHER_LIBS=''
F90_SHL='ifort -shared -fpic'
F90_WORK_FILES_ARG=''
FC='g77'
FC_LINKPATH_SHL='-Wl,-rpath -Wl,'
FC_SHL='g77 -shared -fpic'
FFLAGS=' -g -O2'
FINCLUDES='-I/tmp/selami/mpich2/src'
FLIBS=' -L/usr/lib64/gcc/x86_64-suse-linux/4.2.1 -L/usr/lib64/gcc/x86_64-suse-linux/4.2.1/../../../../lib64 -L/lib/../lib64 -L/usr/lib/../lib64 -L/usr/lib64/gcc/x86_64-suse-linux/4.2.1/../../../../x86_64-suse-linux/lib -L/usr/lib64/gcc/x86_64-suse-linux/4.2.1/../../.. -lgfortranbegin -lgfortran -lm -lgcc_s'
FORTRAN_BINDING='1'
FORTRAN_MPI_OFFSET=''
FWRAPNAME='fmpich'
GCC='yes'
GNUC_MINORVERSION='2'
GNUC_VERSION='4'
HAVE_CXX_EXCEPTIONS='1'
HAVE_ROMIO='#include "mpio.h"'
INCLUDE_MPICXX_H='#include "mpicxx.h"'
INCLUDE_MPIDDEFS_H='/* ... no device specific definitions ... */'
INSTALL_DATA='${INSTALL} -m 644'
INSTALL_PROGRAM='${INSTALL}'
INSTALL_SCRIPT='${INSTALL}'
INT16_T=''
INT32_T=''
INT64_T=''
KILLALL='killall'
LDFLAGS=''
LIBOBJS=''
LIBS=''
LIBTOOL=''
LTLIBOBJS=''
MAKE='make'
MAKE_DEPEND_C='gcc -MM'
MANY_PM='no'
MKDIR_P='mkdir -p'
MPE_THREAD_LIB_NAME=''
MPIBASEMODNAME='mpi_base'
MPICC=''
MPICH2LIB_CFLAGS=''
MPICH2LIB_CXXFLAGS=''
MPICH2LIB_F90FLAGS=''
MPICH2LIB_FFLAGS=''
MPICH_TIMER_KIND=''
MPICONSTMODNAME='mpi_constants'
MPICXX=''
MPICXXLIBNAME='mpichcxx'
MPID_TIMER_TYPE=''
MPIF77=''
MPIF90=''
MPIFLIBNAME='mpich'
MPIFPMPI=',PMPI_WTIME,PMPI_WTICK'
MPILIBNAME='mpich'
MPIMODNAME='mpi'
MPIR_CXX_BOOL='0x0c000000'
MPIR_CXX_COMPLEX='0x0c000000'
MPIR_CXX_DOUBLE_COMPLEX='0x0c000000'
MPIR_CXX_LONG_DOUBLE_COMPLEX='0x0c000000'
MPISIZEOFMODNAME='mpi_sizeofs'
MPIU_DLL_SPEC_DEF=''
MPI_2COMPLEX='1275072548'
MPI_2DOUBLE_COMPLEX='1275076645'
MPI_2DOUBLE_PRECISION='1275072547'
MPI_2INT='0x4c000816'
MPI_2INTEGER='1275070496'
MPI_2REAL='1275070497'
MPI_AINT=''
MPI_AINT_FMT_DEC_SPEC=''
MPI_AINT_FMT_HEX_SPEC=''
MPI_BYTE='0x4c00010d'
MPI_CHAR='0x4c000101'
MPI_CHARACTER='1275068698'
MPI_COMPLEX16='0x4c00102a'
MPI_COMPLEX32='0x4c00202c'
MPI_COMPLEX8='0x4c000828'
MPI_COMPLEX='1275070494'
MPI_DOUBLE='0x4c00080b'
MPI_DOUBLE_COMPLEX='1275072546'
MPI_DOUBLE_INT='0x8c000001'
MPI_DOUBLE_PRECISION='1275070495'
MPI_F77_BYTE='1275068685'
MPI_F77_LB='1275068432'
MPI_F77_PACKED='1275068687'
MPI_F77_UB='1275068433'
MPI_FINT='int'
MPI_FLOAT='0x4c00040a'
MPI_FLOAT_INT='0x8c000000'
MPI_INT='0x4c000405'
MPI_INTEGER16='MPI_DATATYPE_NULL'
MPI_INTEGER1='0x4c00012d'
MPI_INTEGER2='0x4c00022f'
MPI_INTEGER4='0x4c000430'
MPI_INTEGER8='0x4c000831'
MPI_INTEGER='1275069467'
MPI_LB='0x4c000010'
MPI_LOGICAL='1275069469'
MPI_LONG='0x4c000807'
MPI_LONG_DOUBLE='0x4c00100c'
MPI_LONG_DOUBLE_INT='0x8c000004'
MPI_LONG_INT='0x8c000002'
MPI_LONG_LONG='0x4c000809'
MPI_MAX_PROCESSOR_NAME=''
MPI_OFFSET=''
MPI_OFFSET_TYPEDEF=''
MPI_PACKED='0x4c00010f'
MPI_REAL16='0x4c00102b'
MPI_REAL4='0x4c000427'
MPI_REAL8='0x4c000829'
MPI_REAL='1275069468'
MPI_SHORT='0x4c000203'
MPI_SHORT_INT='0x8c000003'
MPI_SIGNED_CHAR='0x4c000118'
MPI_STATUS_SIZE='5'
MPI_UB='0x4c000011'
MPI_UNSIGNED_CHAR='0x4c000102'
MPI_UNSIGNED_INT='0x4c000406'
MPI_UNSIGNED_LONG='0x4c000808'
MPI_UNSIGNED_LONG_LONG='0x4c000819'
MPI_UNSIGNED_SHORT='0x4c000204'
MPI_WCHAR='0x4c00040e'
NEEDSPLIB='no'
NO_WEAK_SYM=''
NO_WEAK_SYM_TARGET='build_proflib'
NUMVERSION='10007300'
OBJEXT='o'
OFFSET_KIND='0'
PACKAGE_BUGREPORT=''
PACKAGE_NAME=''
PACKAGE_STRING=''
PACKAGE_TARNAME=''
PACKAGE_VERSION=''
PATH_SEPARATOR=':'
PERL='/usr/bin/perl'
PMPIFLIBNAME='pmpich'
PMPILIBNAME='pmpich'
PROFILE_DEF_MPI=''
RANLIB='ranlib'
RANLIB_AFTER_INSTALL='no'
RELEASE_DATE='Unknown, built on Mon Sep 15 19:41:55 EEST 2008'
REQD=''
SET_CFLAGS=''
SET_MAKE='MAKE=make'
SHELL='/bin/sh'
SHLIB_EXT='so'
SHLIB_FROM_LO='no'
SHLIB_INSTALL='$(INSTALL_PROGRAM)'
SIZEOF_F90_CHARACTER=''
SIZEOF_F90_DOUBLE_PRECISION=''
SIZEOF_F90_INTEGER=''
SIZEOF_F90_REAL=''
SIZEOF_MPI_STATUS='20'
TESTCPP='gcc -E'
THR_CFLAGS=''
THR_CPPFLAGS=''
THR_DEFS=''
THR_LDFLAGS=''
THR_LIBS=''
VERSION='1.0.7'
VPATH='VPATH=.:${srcdir}'
WRAPPER_CFLAGS=''
WRAPPER_CXXFLAGS=''
WRAPPER_F90FLAGS=''
WRAPPER_FFLAGS=''
WRAPPER_LDFLAGS=''
XARGS_NODATA_OPT='-r'
ac_ct_CC='gcc'
ac_ct_CXX=''
ac_ct_F77='g77'
ac_ct_F90='ifort'
ac_ct_RANLIB=''
bindings=' f77 f90 cxx'
bindings_dirs=' src/binding/f77 src/binding/f90 src/binding/cxx'
bindir='${exec_prefix}/bin'
build_alias=''
datadir='${prefix}/share'
debugger_dir='debugger'
device_name='ch3'
docdir='${prefix}/doc'
exec_prefix='NONE'
host_alias=''
htmldir='${prefix}/www'
includedir='${prefix}/include'
infodir='${prefix}/info'
libdir='${exec_prefix}/lib'
libexecdir='${exec_prefix}/libexec'
localstatedir='${prefix}/var'
logging_dir=''
logging_name='none'
logging_subdirs=''
mandir='${prefix}/man'
master_top_builddir='/tmp/selami/mpich2'
master_top_srcdir='/home/selami/libraries/mpich2-1.0.7'
modincdir='${prefix}/include'
mpe_dir='mpe2'
nameserv_name='mpd'
oldincludedir='/usr/include'
other_install_dirs=' src/pm/mpd src/mpe2'
other_pm_names=' gforker'
pac_prog=''
pm_name='mpd'
pmi_name='simple'
prefix='/usr/local/mpich2'
program_transform_name='s,x,x,'
romio_dir='romio'
sbindir='${exec_prefix}/sbin'
sharedstatedir='${prefix}/com'
subdirs=''
subsystems=' src/mpi/romio src/pmi/simple src/pm/mpd src/pm/gforker src/mpe2'
sysconfdir='${prefix}/etc'
target_alias=''

## ------------- ##
## Output files. ##
## ------------- ##

MPE_THREAD_FUNCS=''
MPE_THREAD_TYPEDEFS=''

## ----------- ##
## confdefs.h. ##
## ----------- ##

#define F77_FALSE_VALUE 0
#define F77_NAME_LOWER_USCORE 1
#define F77_TRUE_VALUE 1
#define F77_TRUE_VALUE_SET 1
#define HAVE_AINT_LARGER_THAN_FINT 1
#define HAVE_CXX_BINDING 1
#define HAVE_CXX_EXCEPTIONS
#define HAVE_DEBUGGER_SUPPORT 1
#define HAVE_ERROR_CHECKING MPID_ERROR_LEVEL_ALL
#define HAVE_FINT_IS_INT 1
#define HAVE_FORTRAN_BINDING 1
#define HAVE_GCC_ATTRIBUTE 1
#define HAVE_INT16_T 1
#define HAVE_INT32_T 1
#define HAVE_INT64_T 1
#define HAVE_INTTYPES_H 1
#define HAVE_LONG_DOUBLE 1
#define HAVE_LONG_LONG 1
#define HAVE_LONG_LONG_INT 1
#define HAVE_MAX_DOUBLE_FP_ALIGNMENT 8
#define HAVE_MAX_FP_ALIGNMENT 16
#define HAVE_MAX_INTEGER_ALIGNMENT 8
#define HAVE_MAX_LONG_DOUBLE_FP_ALIGNMENT 16
#define HAVE_MAX_STRUCT_ALIGNMENT 8
#define HAVE_MEMORY_H 1
#define HAVE_MULTIPLE_PRAGMA_WEAK 1
#define HAVE_NAMEPUB_SERVICE 1
#define HAVE_NAMESPACES
#define HAVE_NAMESPACE_STD
#define HAVE_PRAGMA_WEAK 1
#define HAVE_ROMIO 1
#define HAVE_STDINT_H 1
#define HAVE_STDLIB_H 1
#define HAVE_STRINGS_H 1
#define HAVE_STRING_H 1
#define HAVE_SYS_BITYPES_H 1
#define HAVE_SYS_STAT_H 1
#define HAVE_SYS_TYPES_H 1
#define HAVE_UNISTD_H 1
#define MPICH_ERROR_MSG_LEVEL MPICH_ERROR_MSG_ALL
#define MPICH_INFODLL_LOC "/usr/local/mpich2/lib/libtvmpich2.so"
#define MPICH_THREAD_LEVEL MPI_THREAD_MULTIPLE
#define MPIR_INTEGER1_CTYPE char
#define MPIR_INTEGER2_CTYPE short
#define MPIR_INTEGER4_CTYPE int
#define MPIR_INTEGER8_CTYPE long
#define MPIR_REAL16_CTYPE long double
#define MPIR_REAL4_CTYPE float
#define MPIR_REAL8_CTYPE double
#define PACKAGE_BUGREPORT ""
#define PACKAGE_NAME ""
#define PACKAGE_STRING ""
#define PACKAGE_TARNAME ""
#define PACKAGE_VERSION ""
#define SIZEOF_CHAR 1
#define SIZEOF_DOUBLE 8
#define SIZEOF_F77_DOUBLE_PRECISION 8
#define SIZEOF_F77_INTEGER 4
#define SIZEOF_F77_REAL 4
#define SIZEOF_FLOAT 4
#define SIZEOF_INT 4
#define SIZEOF_LONG 8
#define SIZEOF_LONG_DOUBLE 16
#define SIZEOF_LONG_LONG 8
#define SIZEOF_SHORT 2
#define SIZEOF_VOID_P 8
#define SIZEOF_WCHAR_T 4
#define STDCALL 
#define USE_DBG_LOGGING 1
#define USE_LOGGING MPID_LOGGING_NONE
#define USE_MEMORY_TRACING 1
#define USE_THREAD_IMPL MPICH_THREAD_IMPL_GLOBAL_MUTEX
#define USE_WEAK_SYMBOLS 1
#define WORDS_LITTLEENDIAN 1
#define inline __inline__
#define restrict __restrict
#endif
#endif
#ifdef __cplusplus
#ifndef __cplusplus
extern "C" void exit (int) throw ();

configure: exit 1